<?xml version="1.0" encoding="UTF-8"?>
<testsuite xmlns:xsi="http://www.w3.org/2001/XMLSchema-instance" xsi:noNamespaceSchemaLocation="https://maven.apache.org/surefire/maven-surefire-plugin/xsd/surefire-test-report-3.0.xsd" version="3.0" name="com.example.PruebaT.test.integration.AccountControllerIntegrationTest" time="3.394" tests="4" errors="0" skipped="0" failures="0">
  <properties>
[...]
</properties>
  <testcase name="testCreateAccount" classname="com.example.PruebaT.test.integration.AccountControllerIntegrationTest" time="0.528">
    <system-out><![CDATA[22:28:57.523 [main] INFO org.springframework.test.context.support.AnnotationConfigContextLoaderUtils -- Could not detect default configuration classes for test class [com.example.PruebaT.test.integration.AccountControllerIntegrationTest]: AccountControllerIntegrationTest does not declare any static, non-private, non-final, nested classes annotated with @Configuration.
22:28:57.580 [main] INFO org.springframework.boot.test.context.SpringBootTestContextBootstrapper -- Found @SpringBootConfiguration com.example.PruebaT.PruebaTApplication for test class com.example.PruebaT.test.integration.AccountControllerIntegrationTest
22:28:57.648 [main] INFO org.springframework.boot.devtools.restart.RestartApplicationListener -- Restart disabled due to context in which it is running

  .   ____          _            __ _ _
 /\\ / ___'_ __ _ _(_)_ __  __ _ \ \ \ \
( ( )\___ | '_ | '_| | '_ \/ _` | \ \ \ \
 \\/  ___)| |_)| | | | | || (_| |  ) ) ) )
  '  |____| .__|_| |_|_| |_\__, | / / / /
 =========|_|==============|___/=/_/_/_/

 :: Spring Boot ::                (v3.3.2)

2024-08-03T22:28:57.823-05:00  INFO 26535 --- [PruebaT] [           main] e.P.t.i.AccountControllerIntegrationTest : Starting AccountControllerIntegrationTest using Java 22.0.2 with PID 26535 (started by darwinrodriguez in /Users/darwinrodriguez/Downloads/PruebaT)
2024-08-03T22:28:57.824-05:00 DEBUG 26535 --- [PruebaT] [           main] e.P.t.i.AccountControllerIntegrationTest : Running with Spring Boot v3.3.2, Spring v6.1.11
2024-08-03T22:28:57.824-05:00  INFO 26535 --- [PruebaT] [           main] e.P.t.i.AccountControllerIntegrationTest : The following 1 profile is active: "test"
2024-08-03T22:28:57.824-05:00 DEBUG 26535 --- [PruebaT] [           main] o.s.boot.SpringApplication               : Loading source class com.example.PruebaT.PruebaTApplication
2024-08-03T22:28:57.837-05:00 DEBUG 26535 --- [PruebaT] [           main] o.s.w.c.s.GenericWebApplicationContext   : Refreshing org.springframework.web.context.support.GenericWebApplicationContext@7726e185
2024-08-03T22:28:57.846-05:00 DEBUG 26535 --- [PruebaT] [           main] o.s.b.f.s.DefaultListableBeanFactory     : Creating shared instance of singleton bean 'org.springframework.context.annotation.internalConfigurationAnnotationProcessor'
2024-08-03T22:28:57.852-05:00 DEBUG 26535 --- [PruebaT] [           main] o.s.b.f.s.DefaultListableBeanFactory     : Creating shared instance of singleton bean 'org.springframework.boot.autoconfigure.internalCachingMetadataReaderFactory'
2024-08-03T22:28:57.893-05:00 DEBUG 26535 --- [PruebaT] [           main] o.s.c.a.ClassPathBeanDefinitionScanner   : Identified candidate component class: file [/Users/darwinrodriguez/Downloads/PruebaT/target/classes/com/example/PruebaT/controller/AccountController.class]
2024-08-03T22:28:57.894-05:00 DEBUG 26535 --- [PruebaT] [           main] o.s.c.a.ClassPathBeanDefinitionScanner   : Identified candidate component class: file [/Users/darwinrodriguez/Downloads/PruebaT/target/classes/com/example/PruebaT/controller/CustomerController.class]
2024-08-03T22:28:57.894-05:00 DEBUG 26535 --- [PruebaT] [           main] o.s.c.a.ClassPathBeanDefinitionScanner   : Identified candidate component class: file [/Users/darwinrodriguez/Downloads/PruebaT/target/classes/com/example/PruebaT/controller/MovementController.class]
2024-08-03T22:28:57.897-05:00 DEBUG 26535 --- [PruebaT] [           main] o.s.c.a.ClassPathBeanDefinitionScanner   : Ignored because not a concrete top-level class: file [/Users/darwinrodriguez/Downloads/PruebaT/target/classes/com/example/PruebaT/repository/AccountRepository.class]
2024-08-03T22:28:57.898-05:00 DEBUG 26535 --- [PruebaT] [           main] o.s.c.a.ClassPathBeanDefinitionScanner   : Ignored because not a concrete top-level class: file [/Users/darwinrodriguez/Downloads/PruebaT/target/classes/com/example/PruebaT/repository/CustomerRepository.class]
2024-08-03T22:28:57.899-05:00 DEBUG 26535 --- [PruebaT] [           main] o.s.c.a.ClassPathBeanDefinitionScanner   : Ignored because not a concrete top-level class: file [/Users/darwinrodriguez/Downloads/PruebaT/target/classes/com/example/PruebaT/repository/MovementRepository.class]
2024-08-03T22:28:57.900-05:00 DEBUG 26535 --- [PruebaT] [           main] o.s.c.a.ClassPathBeanDefinitionScanner   : Identified candidate component class: file [/Users/darwinrodriguez/Downloads/PruebaT/target/classes/com/example/PruebaT/service/AccountService.class]
2024-08-03T22:28:57.900-05:00 DEBUG 26535 --- [PruebaT] [           main] o.s.c.a.ClassPathBeanDefinitionScanner   : Identified candidate component class: file [/Users/darwinrodriguez/Downloads/PruebaT/target/classes/com/example/PruebaT/service/CustomerService.class]
2024-08-03T22:28:57.900-05:00 DEBUG 26535 --- [PruebaT] [           main] o.s.c.a.ClassPathBeanDefinitionScanner   : Identified candidate component class: file [/Users/darwinrodriguez/Downloads/PruebaT/target/classes/com/example/PruebaT/service/MovementService.class]
2024-08-03T22:28:58.172-05:00  INFO 26535 --- [PruebaT] [           main] .s.d.r.c.RepositoryConfigurationDelegate : Multiple Spring Data modules found, entering strict repository configuration mode
2024-08-03T22:28:58.173-05:00  INFO 26535 --- [PruebaT] [           main] .s.d.r.c.RepositoryConfigurationDelegate : Bootstrapping Spring Data JDBC repositories in DEFAULT mode.
2024-08-03T22:28:58.174-05:00 DEBUG 26535 --- [PruebaT] [           main] o.s.b.f.s.DefaultListableBeanFactory     : Creating shared instance of singleton bean 'org.springframework.boot.autoconfigure.AutoConfigurationPackages'
2024-08-03T22:28:58.177-05:00 DEBUG 26535 --- [PruebaT] [           main] o.s.b.a.AutoConfigurationPackages        : @EnableAutoConfiguration was declared on a class in the package 'com.example.PruebaT'. Automatic @Repository and @Entity scanning is enabled.
2024-08-03T22:28:58.178-05:00 DEBUG 26535 --- [PruebaT] [           main] .s.d.r.c.RepositoryConfigurationDelegate : Scanning for JDBC repositories in packages com.example.PruebaT.
2024-08-03T22:28:58.182-05:00 DEBUG 26535 --- [PruebaT] [           main] o.s.d.r.c.RepositoryComponentProvider    : Identified candidate component class: file [/Users/darwinrodriguez/Downloads/PruebaT/target/classes/com/example/PruebaT/repository/AccountRepository.class]
2024-08-03T22:28:58.182-05:00 DEBUG 26535 --- [PruebaT] [           main] o.s.d.r.c.RepositoryComponentProvider    : Identified candidate component class: file [/Users/darwinrodriguez/Downloads/PruebaT/target/classes/com/example/PruebaT/repository/CustomerRepository.class]
2024-08-03T22:28:58.182-05:00 DEBUG 26535 --- [PruebaT] [           main] o.s.d.r.c.RepositoryComponentProvider    : Identified candidate component class: file [/Users/darwinrodriguez/Downloads/PruebaT/target/classes/com/example/PruebaT/repository/MovementRepository.class]
2024-08-03T22:28:58.186-05:00  INFO 26535 --- [PruebaT] [           main] .RepositoryConfigurationExtensionSupport : Spring Data JDBC - Could not safely identify store assignment for repository candidate interface com.example.PruebaT.repository.AccountRepository; If you want this repository to be a JDBC repository, consider annotating your entities with one of these annotations: org.springframework.data.relational.core.mapping.Table.
2024-08-03T22:28:58.187-05:00  INFO 26535 --- [PruebaT] [           main] .RepositoryConfigurationExtensionSupport : Spring Data JDBC - Could not safely identify store assignment for repository candidate interface com.example.PruebaT.repository.CustomerRepository; If you want this repository to be a JDBC repository, consider annotating your entities with one of these annotations: org.springframework.data.relational.core.mapping.Table.
2024-08-03T22:28:58.189-05:00  INFO 26535 --- [PruebaT] [           main] .RepositoryConfigurationExtensionSupport : Spring Data JDBC - Could not safely identify store assignment for repository candidate interface com.example.PruebaT.repository.MovementRepository; If you want this repository to be a JDBC repository, consider annotating your entities with one of these annotations: org.springframework.data.relational.core.mapping.Table.
2024-08-03T22:28:58.189-05:00  INFO 26535 --- [PruebaT] [           main] .s.d.r.c.RepositoryConfigurationDelegate : Finished Spring Data repository scanning in 10 ms. Found 0 JDBC repository interfaces.
2024-08-03T22:28:58.196-05:00  INFO 26535 --- [PruebaT] [           main] .s.d.r.c.RepositoryConfigurationDelegate : Multiple Spring Data modules found, entering strict repository configuration mode
2024-08-03T22:28:58.196-05:00  INFO 26535 --- [PruebaT] [           main] .s.d.r.c.RepositoryConfigurationDelegate : Bootstrapping Spring Data JPA repositories in DEFAULT mode.
2024-08-03T22:28:58.198-05:00 DEBUG 26535 --- [PruebaT] [           main] .s.d.r.c.RepositoryConfigurationDelegate : Scanning for JPA repositories in packages com.example.PruebaT.
2024-08-03T22:28:58.200-05:00 DEBUG 26535 --- [PruebaT] [           main] o.s.d.r.c.RepositoryComponentProvider    : Identified candidate component class: file [/Users/darwinrodriguez/Downloads/PruebaT/target/classes/com/example/PruebaT/repository/AccountRepository.class]
2024-08-03T22:28:58.200-05:00 DEBUG 26535 --- [PruebaT] [           main] o.s.d.r.c.RepositoryComponentProvider    : Identified candidate component class: file [/Users/darwinrodriguez/Downloads/PruebaT/target/classes/com/example/PruebaT/repository/CustomerRepository.class]
2024-08-03T22:28:58.200-05:00 DEBUG 26535 --- [PruebaT] [           main] o.s.d.r.c.RepositoryComponentProvider    : Identified candidate component class: file [/Users/darwinrodriguez/Downloads/PruebaT/target/classes/com/example/PruebaT/repository/MovementRepository.class]
2024-08-03T22:28:58.210-05:00  INFO 26535 --- [PruebaT] [           main] .s.d.r.c.RepositoryConfigurationDelegate : Finished Spring Data repository scanning in 11 ms. Found 3 JPA repository interfaces.
2024-08-03T22:28:58.256-05:00 DEBUG 26535 --- [PruebaT] [           main] o.s.b.f.s.DefaultListableBeanFactory     : Creating shared instance of singleton bean 'org.springframework.boot.test.context.ImportsContextCustomizer$ImportsCleanupPostProcessor'
2024-08-03T22:28:58.299-05:00 DEBUG 26535 --- [PruebaT] [           main] o.s.b.f.s.DefaultListableBeanFactory     : Creating shared instance of singleton bean 'propertySourcesPlaceholderConfigurer'
2024-08-03T22:28:58.301-05:00 DEBUG 26535 --- [PruebaT] [           main] o.s.b.f.s.DefaultListableBeanFactory     : Creating shared instance of singleton bean 'org.springframework.boot.test.mock.mockito.MockitoPostProcessor'
2024-08-03T22:28:58.301-05:00 DEBUG 26535 --- [PruebaT] [           main] o.s.b.f.s.DefaultListableBeanFactory     : Creating shared instance of singleton bean 'org.springframework.boot.sql.init.dependency.DatabaseInitializationDependencyConfigurer$DependsOnDatabaseInitializationPostProcessor'
2024-08-03T22:28:58.302-05:00 DEBUG 26535 --- [PruebaT] [           main] o.s.b.f.s.DefaultListableBeanFactory     : Creating shared instance of singleton bean 'emBeanDefinitionRegistrarPostProcessor'
2024-08-03T22:28:58.331-05:00 DEBUG 26535 --- [PruebaT] [           main] o.s.b.f.s.DefaultListableBeanFactory     : Creating shared instance of singleton bean 'org.springframework.context.event.internalEventListenerProcessor'
2024-08-03T22:28:58.331-05:00 DEBUG 26535 --- [PruebaT] [           main] o.s.b.f.s.DefaultListableBeanFactory     : Creating shared instance of singleton bean 'preserveErrorControllerTargetClassPostProcessor'
2024-08-03T22:28:58.332-05:00 DEBUG 26535 --- [PruebaT] [           main] o.s.b.f.s.DefaultListableBeanFactory     : Creating shared instance of singleton bean 'org.springframework.context.event.internalEventListenerFactory'
2024-08-03T22:28:58.332-05:00 DEBUG 26535 --- [PruebaT] [           main] o.s.b.f.s.DefaultListableBeanFactory     : Creating shared instance of singleton bean 'org.springframework.transaction.config.internalTransactionalEventListenerFactory'
2024-08-03T22:28:58.333-05:00 DEBUG 26535 --- [PruebaT] [           main] o.s.b.f.s.DefaultListableBeanFactory     : Creating shared instance of singleton bean 'org.springframework.context.annotation.internalAutowiredAnnotationProcessor'
2024-08-03T22:28:58.334-05:00 DEBUG 26535 --- [PruebaT] [           main] o.s.b.f.s.DefaultListableBeanFactory     : Creating shared instance of singleton bean 'org.springframework.context.annotation.internalCommonAnnotationProcessor'
2024-08-03T22:28:58.335-05:00 DEBUG 26535 --- [PruebaT] [           main] o.s.b.f.s.DefaultListableBeanFactory     : Creating shared instance of singleton bean 'org.springframework.context.annotation.internalPersistenceAnnotationProcessor'
2024-08-03T22:28:58.336-05:00 DEBUG 26535 --- [PruebaT] [           main] o.s.b.f.s.DefaultListableBeanFactory     : Creating shared instance of singleton bean 'org.springframework.boot.test.mock.mockito.MockitoPostProcessor$SpyPostProcessor'
2024-08-03T22:28:58.336-05:00 DEBUG 26535 --- [PruebaT] [           main] o.s.b.f.s.DefaultListableBeanFactory     : Creating shared instance of singleton bean 'org.springframework.boot.context.properties.ConfigurationPropertiesBindingPostProcessor'
2024-08-03T22:28:58.336-05:00 DEBUG 26535 --- [PruebaT] [           main] o.s.b.f.s.DefaultListableBeanFactory     : Creating shared instance of singleton bean 'org.springframework.boot.context.internalConfigurationPropertiesBinder'
2024-08-03T22:28:58.337-05:00 DEBUG 26535 --- [PruebaT] [           main] o.s.b.f.s.DefaultListableBeanFactory     : Creating shared instance of singleton bean 'jdbcConnectionDetailsHikariBeanPostProcessor'
2024-08-03T22:28:58.339-05:00 DEBUG 26535 --- [PruebaT] [           main] o.s.b.f.s.DefaultListableBeanFactory     : Creating shared instance of singleton bean 'org.springframework.aop.config.internalAutoProxyCreator'
2024-08-03T22:28:58.350-05:00 DEBUG 26535 --- [PruebaT] [           main] o.s.b.f.s.DefaultListableBeanFactory     : Creating shared instance of singleton bean 'persistenceExceptionTranslationPostProcessor'
2024-08-03T22:28:58.358-05:00 DEBUG 26535 --- [PruebaT] [           main] o.s.b.f.s.DefaultListableBeanFactory     : Autowiring by type from bean name 'persistenceExceptionTranslationPostProcessor' via factory method to bean named 'environment'
2024-08-03T22:28:58.361-05:00 DEBUG 26535 --- [PruebaT] [           main] o.s.b.f.s.DefaultListableBeanFactory     : Creating shared instance of singleton bean 'annotationActionEndpointMapping'
2024-08-03T22:28:58.361-05:00 DEBUG 26535 --- [PruebaT] [           main] o.s.b.f.s.DefaultListableBeanFactory     : Creating shared instance of singleton bean 'org.springframework.ws.config.annotation.DelegatingWsConfiguration'
2024-08-03T22:28:58.364-05:00  WARN 26535 --- [PruebaT] [           main] trationDelegate$BeanPostProcessorChecker : Bean 'org.springframework.ws.config.annotation.DelegatingWsConfiguration' of type [org.springframework.ws.config.annotation.DelegatingWsConfiguration$$SpringCGLIB$$0] is not eligible for getting processed by all BeanPostProcessors (for example: not eligible for auto-proxying). The currently created BeanPostProcessor [annotationActionEndpointMapping] is declared through a non-static factory method on that class; consider declaring it as static instead.
2024-08-03T22:28:58.379-05:00  INFO 26535 --- [PruebaT] [           main] .w.s.a.s.AnnotationActionEndpointMapping : Supporting [WS-Addressing August 2004, WS-Addressing 1.0]
2024-08-03T22:28:58.379-05:00 DEBUG 26535 --- [PruebaT] [           main] o.s.b.f.s.DefaultListableBeanFactory     : Creating shared instance of singleton bean 'webServerFactoryCustomizerBeanPostProcessor'
2024-08-03T22:28:58.379-05:00 DEBUG 26535 --- [PruebaT] [           main] o.s.b.f.s.DefaultListableBeanFactory     : Creating shared instance of singleton bean 'errorPageRegistrarBeanPostProcessor'
2024-08-03T22:28:58.380-05:00 DEBUG 26535 --- [PruebaT] [           main] o.s.b.f.s.DefaultListableBeanFactory     : Creating shared instance of singleton bean 'projectingArgumentResolverBeanPostProcessor'
2024-08-03T22:28:58.380-05:00 DEBUG 26535 --- [PruebaT] [           main] o.s.b.f.s.DefaultListableBeanFactory     : Creating shared instance of singleton bean 'org.springframework.transaction.config.internalTransactionAdvisor'
2024-08-03T22:28:58.380-05:00 DEBUG 26535 --- [PruebaT] [           main] o.s.b.f.s.DefaultListableBeanFactory     : Creating shared instance of singleton bean 'org.springframework.transaction.annotation.ProxyTransactionManagementConfiguration'
2024-08-03T22:28:58.386-05:00 DEBUG 26535 --- [PruebaT] [           main] o.s.b.f.s.DefaultListableBeanFactory     : Creating shared instance of singleton bean 'transactionAttributeSource'
2024-08-03T22:28:58.387-05:00 DEBUG 26535 --- [PruebaT] [           main] o.s.b.f.s.DefaultListableBeanFactory     : Creating shared instance of singleton bean 'transactionInterceptor'
2024-08-03T22:28:58.387-05:00 DEBUG 26535 --- [PruebaT] [           main] o.s.b.f.s.DefaultListableBeanFactory     : Autowiring by type from bean name 'transactionInterceptor' via factory method to bean named 'transactionAttributeSource'
2024-08-03T22:28:58.391-05:00 DEBUG 26535 --- [PruebaT] [           main] o.s.b.f.s.DefaultListableBeanFactory     : Autowiring by type from bean name 'org.springframework.transaction.config.internalTransactionAdvisor' via factory method to bean named 'transactionAttributeSource'
2024-08-03T22:28:58.391-05:00 DEBUG 26535 --- [PruebaT] [           main] o.s.b.f.s.DefaultListableBeanFactory     : Autowiring by type from bean name 'org.springframework.transaction.config.internalTransactionAdvisor' via factory method to bean named 'transactionInterceptor'
2024-08-03T22:28:58.399-05:00 DEBUG 26535 --- [PruebaT] [           main] o.s.u.c.s.UiApplicationContextUtils      : Unable to locate ThemeSource with name 'themeSource': using default [org.springframework.ui.context.support.ResourceBundleThemeSource@4ed15347]
2024-08-03T22:28:58.400-05:00 DEBUG 26535 --- [PruebaT] [           main] o.s.b.f.s.DefaultListableBeanFactory     : Creating shared instance of singleton bean 'dataSourceScriptDatabaseInitializer'
2024-08-03T22:28:58.400-05:00 DEBUG 26535 --- [PruebaT] [           main] o.s.b.f.s.DefaultListableBeanFactory     : Creating shared instance of singleton bean 'org.springframework.boot.autoconfigure.sql.init.DataSourceInitializationConfiguration'
2024-08-03T22:28:58.401-05:00 DEBUG 26535 --- [PruebaT] [           main] o.s.b.f.s.DefaultListableBeanFactory     : Creating shared instance of singleton bean 'dataSource'
2024-08-03T22:28:58.401-05:00 DEBUG 26535 --- [PruebaT] [           main] o.s.b.f.s.DefaultListableBeanFactory     : Creating shared instance of singleton bean 'org.springframework.boot.autoconfigure.jdbc.DataSourceConfiguration$Hikari'
2024-08-03T22:28:58.402-05:00 DEBUG 26535 --- [PruebaT] [           main] o.s.b.f.s.DefaultListableBeanFactory     : Creating shared instance of singleton bean 'spring.datasource-org.springframework.boot.autoconfigure.jdbc.DataSourceProperties'
2024-08-03T22:28:58.403-05:00 DEBUG 26535 --- [PruebaT] [           main] o.s.b.f.s.DefaultListableBeanFactory     : Creating shared instance of singleton bean 'org.springframework.boot.context.properties.BoundConfigurationProperties'
2024-08-03T22:28:58.413-05:00 DEBUG 26535 --- [PruebaT] [           main] o.s.b.f.s.DefaultListableBeanFactory     : Creating shared instance of singleton bean 'jdbcConnectionDetails'
2024-08-03T22:28:58.413-05:00 DEBUG 26535 --- [PruebaT] [           main] o.s.b.f.s.DefaultListableBeanFactory     : Creating shared instance of singleton bean 'org.springframework.boot.autoconfigure.jdbc.DataSourceAutoConfiguration$PooledDataSourceConfiguration'
2024-08-03T22:28:58.415-05:00 DEBUG 26535 --- [PruebaT] [           main] o.s.b.f.s.DefaultListableBeanFactory     : Autowiring by type from bean name 'jdbcConnectionDetails' via factory method to bean named 'spring.datasource-org.springframework.boot.autoconfigure.jdbc.DataSourceProperties'
2024-08-03T22:28:58.416-05:00 DEBUG 26535 --- [PruebaT] [           main] o.s.b.f.s.DefaultListableBeanFactory     : Autowiring by type from bean name 'dataSource' via factory method to bean named 'spring.datasource-org.springframework.boot.autoconfigure.jdbc.DataSourceProperties'
2024-08-03T22:28:58.416-05:00 DEBUG 26535 --- [PruebaT] [           main] o.s.b.f.s.DefaultListableBeanFactory     : Autowiring by type from bean name 'dataSource' via factory method to bean named 'jdbcConnectionDetails'
2024-08-03T22:28:58.418-05:00 DEBUG 26535 --- [PruebaT] [           main] com.zaxxer.hikari.HikariConfig           : Driver class org.h2.Driver found in Thread context class loader jdk.internal.loader.ClassLoaders$AppClassLoader@43e45247
2024-08-03T22:28:58.429-05:00 DEBUG 26535 --- [PruebaT] [           main] o.s.b.f.s.DefaultListableBeanFactory     : Creating shared instance of singleton bean 'spring.sql.init-org.springframework.boot.autoconfigure.sql.init.SqlInitializationProperties'
2024-08-03T22:28:58.430-05:00 DEBUG 26535 --- [PruebaT] [           main] o.s.b.f.s.DefaultListableBeanFactory     : Autowiring by type from bean name 'dataSourceScriptDatabaseInitializer' via factory method to bean named 'dataSource'
2024-08-03T22:28:58.430-05:00 DEBUG 26535 --- [PruebaT] [           main] o.s.b.f.s.DefaultListableBeanFactory     : Autowiring by type from bean name 'dataSourceScriptDatabaseInitializer' via factory method to bean named 'spring.sql.init-org.springframework.boot.autoconfigure.sql.init.SqlInitializationProperties'
2024-08-03T22:28:58.433-05:00 DEBUG 26535 --- [PruebaT] [           main] o.s.b.f.s.DefaultListableBeanFactory     : Creating shared instance of singleton bean 'entityManagerFactory'
2024-08-03T22:28:58.433-05:00 DEBUG 26535 --- [PruebaT] [           main] o.s.b.f.s.DefaultListableBeanFactory     : Creating shared instance of singleton bean 'org.springframework.boot.autoconfigure.orm.jpa.HibernateJpaConfiguration'
2024-08-03T22:28:58.434-05:00 DEBUG 26535 --- [PruebaT] [           main] o.s.b.f.s.DefaultListableBeanFactory     : Creating shared instance of singleton bean 'spring.jpa-org.springframework.boot.autoconfigure.orm.jpa.JpaProperties'
2024-08-03T22:28:58.436-05:00 DEBUG 26535 --- [PruebaT] [           main] o.s.b.f.s.DefaultListableBeanFactory     : Creating shared instance of singleton bean 'spring.jpa.hibernate-org.springframework.boot.autoconfigure.orm.jpa.HibernateProperties'
2024-08-03T22:28:58.437-05:00 DEBUG 26535 --- [PruebaT] [           main] o.s.b.f.s.DefaultListableBeanFactory     : Autowiring by type from bean name 'org.springframework.boot.autoconfigure.orm.jpa.HibernateJpaConfiguration' via constructor to bean named 'dataSource'
2024-08-03T22:28:58.437-05:00 DEBUG 26535 --- [PruebaT] [           main] o.s.b.f.s.DefaultListableBeanFactory     : Autowiring by type from bean name 'org.springframework.boot.autoconfigure.orm.jpa.HibernateJpaConfiguration' via constructor to bean named 'spring.jpa-org.springframework.boot.autoconfigure.orm.jpa.JpaProperties'
2024-08-03T22:28:58.437-05:00 DEBUG 26535 --- [PruebaT] [           main] o.s.b.f.s.DefaultListableBeanFactory     : Autowiring by type from bean name 'org.springframework.boot.autoconfigure.orm.jpa.HibernateJpaConfiguration' via constructor to bean named 'org.springframework.beans.factory.support.DefaultListableBeanFactory@1d01dfa5'
2024-08-03T22:28:58.437-05:00 DEBUG 26535 --- [PruebaT] [           main] o.s.b.f.s.DefaultListableBeanFactory     : Autowiring by type from bean name 'org.springframework.boot.autoconfigure.orm.jpa.HibernateJpaConfiguration' via constructor to bean named 'spring.jpa.hibernate-org.springframework.boot.autoconfigure.orm.jpa.HibernateProperties'
2024-08-03T22:28:58.438-05:00 DEBUG 26535 --- [PruebaT] [           main] o.s.b.f.s.DefaultListableBeanFactory     : Creating shared instance of singleton bean 'hikariPoolDataSourceMetadataProvider'
2024-08-03T22:28:58.439-05:00 DEBUG 26535 --- [PruebaT] [           main] o.s.b.f.s.DefaultListableBeanFactory     : Creating shared instance of singleton bean 'org.springframework.boot.autoconfigure.jdbc.metadata.DataSourcePoolMetadataProvidersConfiguration$HikariPoolDataSourceMetadataProviderConfiguration'
2024-08-03T22:28:58.441-05:00 DEBUG 26535 --- [PruebaT] [           main] o.s.b.f.s.DefaultListableBeanFactory     : Creating shared instance of singleton bean 'entityManagerFactoryBuilder'
2024-08-03T22:28:58.441-05:00 DEBUG 26535 --- [PruebaT] [           main] o.s.b.f.s.DefaultListableBeanFactory     : Creating shared instance of singleton bean 'jpaVendorAdapter'
2024-08-03T22:28:58.447-05:00 DEBUG 26535 --- [PruebaT] [           main] org.jboss.logging                        : Logging Provider: org.jboss.logging.Slf4jLoggerProvider found via system property
2024-08-03T22:28:58.449-05:00 DEBUG 26535 --- [PruebaT] [           main] o.s.b.f.s.DefaultListableBeanFactory     : Autowiring by type from bean name 'entityManagerFactoryBuilder' via factory method to bean named 'jpaVendorAdapter'
2024-08-03T22:28:58.451-05:00 DEBUG 26535 --- [PruebaT] [           main] o.s.b.f.s.DefaultListableBeanFactory     : Creating shared instance of singleton bean 'persistenceManagedTypes'
2024-08-03T22:28:58.451-05:00 DEBUG 26535 --- [PruebaT] [           main] o.s.b.f.s.DefaultListableBeanFactory     : Autowiring by type from bean name 'persistenceManagedTypes' via factory method to bean named 'org.springframework.beans.factory.support.DefaultListableBeanFactory@1d01dfa5'
2024-08-03T22:28:58.451-05:00 DEBUG 26535 --- [PruebaT] [           main] o.s.b.f.s.DefaultListableBeanFactory     : Autowiring by type from bean name 'persistenceManagedTypes' via factory method to bean named 'org.springframework.web.context.support.GenericWebApplicationContext@7726e185'
2024-08-03T22:28:58.455-05:00 DEBUG 26535 --- [PruebaT] [           main] o.s.b.f.s.DefaultListableBeanFactory     : Autowiring by type from bean name 'entityManagerFactory' via factory method to bean named 'entityManagerFactoryBuilder'
2024-08-03T22:28:58.455-05:00 DEBUG 26535 --- [PruebaT] [           main] o.s.b.f.s.DefaultListableBeanFactory     : Autowiring by type from bean name 'entityManagerFactory' via factory method to bean named 'persistenceManagedTypes'
2024-08-03T22:28:58.461-05:00 DEBUG 26535 --- [PruebaT] [           main] j.LocalContainerEntityManagerFactoryBean : Building JPA container EntityManagerFactory for persistence unit 'default'
2024-08-03T22:28:58.470-05:00 DEBUG 26535 --- [PruebaT] [           main] o.hibernate.jpa.internal.util.LogHelper  : PersistenceUnitInfo [
	name: default
	persistence provider classname: null
	classloader: jdk.internal.loader.ClassLoaders$AppClassLoader@43e45247
	excludeUnlistedClasses: true
	JTA datasource: null
	Non JTA datasource: HikariDataSource (null)
	Transaction type: RESOURCE_LOCAL
	PU root URL: file:/Users/darwinrodriguez/Downloads/PruebaT/target/test-classes/
	Shared Cache Mode: UNSPECIFIED
	Validation Mode: AUTO
	Jar files URLs []
	Managed classes names [
		com.example.PruebaT.model.Cliente
		com.example.PruebaT.model.Cuenta
		com.example.PruebaT.model.Movimiento
		com.example.PruebaT.model.Persona]
	Mapping files names []
	Properties []
2024-08-03T22:28:58.474-05:00 DEBUG 26535 --- [PruebaT] [           main] o.h.i.internal.IntegratorServiceImpl     : Adding Integrator [org.hibernate.boot.beanvalidation.BeanValidationIntegrator].
2024-08-03T22:28:58.475-05:00 DEBUG 26535 --- [PruebaT] [           main] o.h.i.internal.IntegratorServiceImpl     : Adding Integrator [org.hibernate.cache.internal.CollectionCacheInvalidator].
2024-08-03T22:28:58.499-05:00  INFO 26535 --- [PruebaT] [           main] org.hibernate.Version                    : HHH000412: Hibernate ORM core version 6.5.2.Final
2024-08-03T22:28:58.500-05:00 DEBUG 26535 --- [PruebaT] [           main] org.hibernate.cfg.Environment            : HHH000206: 'hibernate.properties' not found
2024-08-03T22:28:58.509-05:00 DEBUG 26535 --- [PruebaT] [           main] org.hibernate.orm.idgen.factory          : Registering IdentifierGenerator strategy [uuid2] -> [org.hibernate.id.UUIDGenerator]
2024-08-03T22:28:58.510-05:00 DEBUG 26535 --- [PruebaT] [           main] org.hibernate.orm.idgen.factory          : Registering IdentifierGenerator strategy [guid] -> [org.hibernate.id.GUIDGenerator]
2024-08-03T22:28:58.510-05:00 DEBUG 26535 --- [PruebaT] [           main] org.hibernate.orm.idgen.factory          : Registering IdentifierGenerator strategy [uuid] -> [org.hibernate.id.UUIDHexGenerator]
2024-08-03T22:28:58.510-05:00 DEBUG 26535 --- [PruebaT] [           main] org.hibernate.orm.idgen.factory          : Registering IdentifierGenerator strategy [uuid.hex] -> [org.hibernate.id.UUIDHexGenerator]
2024-08-03T22:28:58.510-05:00 DEBUG 26535 --- [PruebaT] [           main] org.hibernate.orm.idgen.factory          : Registering IdentifierGenerator strategy [assigned] -> [org.hibernate.id.Assigned]
2024-08-03T22:28:58.511-05:00 DEBUG 26535 --- [PruebaT] [           main] org.hibernate.orm.idgen.factory          : Registering IdentifierGenerator strategy [identity] -> [org.hibernate.id.IdentityGenerator]
2024-08-03T22:28:58.511-05:00 DEBUG 26535 --- [PruebaT] [           main] org.hibernate.orm.idgen.factory          : Registering IdentifierGenerator strategy [select] -> [org.hibernate.id.SelectGenerator]
2024-08-03T22:28:58.511-05:00 DEBUG 26535 --- [PruebaT] [           main] org.hibernate.orm.idgen.factory          : Registering IdentifierGenerator strategy [sequence] -> [org.hibernate.id.enhanced.SequenceStyleGenerator]
2024-08-03T22:28:58.511-05:00 DEBUG 26535 --- [PruebaT] [           main] org.hibernate.orm.idgen.factory          : Registering IdentifierGenerator strategy [increment] -> [org.hibernate.id.IncrementGenerator]
2024-08-03T22:28:58.512-05:00 DEBUG 26535 --- [PruebaT] [           main] org.hibernate.orm.idgen.factory          : Registering IdentifierGenerator strategy [foreign] -> [org.hibernate.id.ForeignGenerator]
2024-08-03T22:28:58.512-05:00 DEBUG 26535 --- [PruebaT] [           main] org.hibernate.orm.idgen.factory          : Registering IdentifierGenerator strategy [enhanced-sequence] -> [org.hibernate.id.enhanced.SequenceStyleGenerator]
2024-08-03T22:28:58.512-05:00 DEBUG 26535 --- [PruebaT] [           main] org.hibernate.orm.idgen.factory          : Registering IdentifierGenerator strategy [enhanced-table] -> [org.hibernate.id.enhanced.TableGenerator]
2024-08-03T22:28:58.515-05:00 DEBUG 26535 --- [PruebaT] [           main] o.h.c.internal.RegionFactoryInitiator    : Cannot default RegionFactory based on registered strategies as `[]` RegionFactory strategies were registered
2024-08-03T22:28:58.515-05:00  INFO 26535 --- [PruebaT] [           main] o.h.c.internal.RegionFactoryInitiator    : HHH000026: Second-level cache disabled
2024-08-03T22:28:58.550-05:00 DEBUG 26535 --- [PruebaT] [           main] org.hibernate.type.BasicTypeRegistry     : Adding type registration boolean -> org.hibernate.type.BasicTypeReference@4f114b
2024-08-03T22:28:58.551-05:00 DEBUG 26535 --- [PruebaT] [           main] org.hibernate.type.BasicTypeRegistry     : Adding type registration boolean -> org.hibernate.type.BasicTypeReference@4f114b
2024-08-03T22:28:58.551-05:00 DEBUG 26535 --- [PruebaT] [           main] org.hibernate.type.BasicTypeRegistry     : Adding type registration java.lang.Boolean -> org.hibernate.type.BasicTypeReference@4f114b
2024-08-03T22:28:58.551-05:00 DEBUG 26535 --- [PruebaT] [           main] org.hibernate.type.BasicTypeRegistry     : Adding type registration numeric_boolean -> org.hibernate.type.BasicTypeReference@257f30f7
2024-08-03T22:28:58.551-05:00 DEBUG 26535 --- [PruebaT] [           main] org.hibernate.type.BasicTypeRegistry     : Adding type registration org.hibernate.type.NumericBooleanConverter -> org.hibernate.type.BasicTypeReference@257f30f7
2024-08-03T22:28:58.551-05:00 DEBUG 26535 --- [PruebaT] [           main] org.hibernate.type.BasicTypeRegistry     : Adding type registration true_false -> org.hibernate.type.BasicTypeReference@3fde2209
2024-08-03T22:28:58.551-05:00 DEBUG 26535 --- [PruebaT] [           main] org.hibernate.type.BasicTypeRegistry     : Adding type registration org.hibernate.type.TrueFalseConverter -> org.hibernate.type.BasicTypeReference@3fde2209
2024-08-03T22:28:58.551-05:00 DEBUG 26535 --- [PruebaT] [           main] org.hibernate.type.BasicTypeRegistry     : Adding type registration yes_no -> org.hibernate.type.BasicTypeReference@1f916219
2024-08-03T22:28:58.551-05:00 DEBUG 26535 --- [PruebaT] [           main] org.hibernate.type.BasicTypeRegistry     : Adding type registration org.hibernate.type.YesNoConverter -> org.hibernate.type.BasicTypeReference@1f916219
2024-08-03T22:28:58.551-05:00 DEBUG 26535 --- [PruebaT] [           main] org.hibernate.type.BasicTypeRegistry     : Adding type registration byte -> org.hibernate.type.BasicTypeReference@67acfde9
2024-08-03T22:28:58.551-05:00 DEBUG 26535 --- [PruebaT] [           main] org.hibernate.type.BasicTypeRegistry     : Adding type registration byte -> org.hibernate.type.BasicTypeReference@67acfde9
2024-08-03T22:28:58.551-05:00 DEBUG 26535 --- [PruebaT] [           main] org.hibernate.type.BasicTypeRegistry     : Adding type registration java.lang.Byte -> org.hibernate.type.BasicTypeReference@67acfde9
2024-08-03T22:28:58.551-05:00 DEBUG 26535 --- [PruebaT] [           main] org.hibernate.type.BasicTypeRegistry     : Adding type registration binary -> org.hibernate.type.BasicTypeReference@3b088163
2024-08-03T22:28:58.551-05:00 DEBUG 26535 --- [PruebaT] [           main] org.hibernate.type.BasicTypeRegistry     : Adding type registration byte[] -> org.hibernate.type.BasicTypeReference@3b088163
2024-08-03T22:28:58.551-05:00 DEBUG 26535 --- [PruebaT] [           main] org.hibernate.type.BasicTypeRegistry     : Adding type registration [B -> org.hibernate.type.BasicTypeReference@3b088163
2024-08-03T22:28:58.551-05:00 DEBUG 26535 --- [PruebaT] [           main] org.hibernate.type.BasicTypeRegistry     : Adding type registration binary_wrapper -> org.hibernate.type.BasicTypeReference@75882261
2024-08-03T22:28:58.551-05:00 DEBUG 26535 --- [PruebaT] [           main] org.hibernate.type.BasicTypeRegistry     : Adding type registration wrapper-binary -> org.hibernate.type.BasicTypeReference@75882261
2024-08-03T22:28:58.551-05:00 DEBUG 26535 --- [PruebaT] [           main] org.hibernate.type.BasicTypeRegistry     : Adding type registration image -> org.hibernate.type.BasicTypeReference@611d0763
2024-08-03T22:28:58.551-05:00 DEBUG 26535 --- [PruebaT] [           main] org.hibernate.type.BasicTypeRegistry     : Adding type registration blob -> org.hibernate.type.BasicTypeReference@615efd1c
2024-08-03T22:28:58.551-05:00 DEBUG 26535 --- [PruebaT] [           main] org.hibernate.type.BasicTypeRegistry     : Adding type registration java.sql.Blob -> org.hibernate.type.BasicTypeReference@615efd1c
2024-08-03T22:28:58.551-05:00 DEBUG 26535 --- [PruebaT] [           main] org.hibernate.type.BasicTypeRegistry     : Adding type registration materialized_blob -> org.hibernate.type.BasicTypeReference@1e226bcd
2024-08-03T22:28:58.551-05:00 DEBUG 26535 --- [PruebaT] [           main] org.hibernate.type.BasicTypeRegistry     : Adding type registration materialized_blob_wrapper -> org.hibernate.type.BasicTypeReference@2a8dd942
2024-08-03T22:28:58.551-05:00 DEBUG 26535 --- [PruebaT] [           main] org.hibernate.type.BasicTypeRegistry     : Adding type registration short -> org.hibernate.type.BasicTypeReference@2322e56f
2024-08-03T22:28:58.552-05:00 DEBUG 26535 --- [PruebaT] [           main] org.hibernate.type.BasicTypeRegistry     : Adding type registration short -> org.hibernate.type.BasicTypeReference@2322e56f
2024-08-03T22:28:58.552-05:00 DEBUG 26535 --- [PruebaT] [           main] org.hibernate.type.BasicTypeRegistry     : Adding type registration java.lang.Short -> org.hibernate.type.BasicTypeReference@2322e56f
2024-08-03T22:28:58.552-05:00 DEBUG 26535 --- [PruebaT] [           main] org.hibernate.type.BasicTypeRegistry     : Adding type registration integer -> org.hibernate.type.BasicTypeReference@35025a0a
2024-08-03T22:28:58.552-05:00 DEBUG 26535 --- [PruebaT] [           main] org.hibernate.type.BasicTypeRegistry     : Adding type registration int -> org.hibernate.type.BasicTypeReference@35025a0a
2024-08-03T22:28:58.552-05:00 DEBUG 26535 --- [PruebaT] [           main] org.hibernate.type.BasicTypeRegistry     : Adding type registration java.lang.Integer -> org.hibernate.type.BasicTypeReference@35025a0a
2024-08-03T22:28:58.552-05:00 DEBUG 26535 --- [PruebaT] [           main] org.hibernate.type.BasicTypeRegistry     : Adding type registration long -> org.hibernate.type.BasicTypeReference@38732364
2024-08-03T22:28:58.552-05:00 DEBUG 26535 --- [PruebaT] [           main] org.hibernate.type.BasicTypeRegistry     : Adding type registration long -> org.hibernate.type.BasicTypeReference@38732364
2024-08-03T22:28:58.552-05:00 DEBUG 26535 --- [PruebaT] [           main] org.hibernate.type.BasicTypeRegistry     : Adding type registration java.lang.Long -> org.hibernate.type.BasicTypeReference@38732364
2024-08-03T22:28:58.552-05:00 DEBUG 26535 --- [PruebaT] [           main] org.hibernate.type.BasicTypeRegistry     : Adding type registration float -> org.hibernate.type.BasicTypeReference@7c70aae1
2024-08-03T22:28:58.552-05:00 DEBUG 26535 --- [PruebaT] [           main] org.hibernate.type.BasicTypeRegistry     : Adding type registration float -> org.hibernate.type.BasicTypeReference@7c70aae1
2024-08-03T22:28:58.552-05:00 DEBUG 26535 --- [PruebaT] [           main] org.hibernate.type.BasicTypeRegistry     : Adding type registration java.lang.Float -> org.hibernate.type.BasicTypeReference@7c70aae1
2024-08-03T22:28:58.552-05:00 DEBUG 26535 --- [PruebaT] [           main] org.hibernate.type.BasicTypeRegistry     : Adding type registration double -> org.hibernate.type.BasicTypeReference@48cd319d
2024-08-03T22:28:58.552-05:00 DEBUG 26535 --- [PruebaT] [           main] org.hibernate.type.BasicTypeRegistry     : Adding type registration double -> org.hibernate.type.BasicTypeReference@48cd319d
2024-08-03T22:28:58.552-05:00 DEBUG 26535 --- [PruebaT] [           main] org.hibernate.type.BasicTypeRegistry     : Adding type registration java.lang.Double -> org.hibernate.type.BasicTypeReference@48cd319d
2024-08-03T22:28:58.552-05:00 DEBUG 26535 --- [PruebaT] [           main] org.hibernate.type.BasicTypeRegistry     : Adding type registration big_integer -> org.hibernate.type.BasicTypeReference@6f38f084
2024-08-03T22:28:58.552-05:00 DEBUG 26535 --- [PruebaT] [           main] org.hibernate.type.BasicTypeRegistry     : Adding type registration java.math.BigInteger -> org.hibernate.type.BasicTypeReference@6f38f084
2024-08-03T22:28:58.552-05:00 DEBUG 26535 --- [PruebaT] [           main] org.hibernate.type.BasicTypeRegistry     : Adding type registration big_decimal -> org.hibernate.type.BasicTypeReference@4ef18604
2024-08-03T22:28:58.552-05:00 DEBUG 26535 --- [PruebaT] [           main] org.hibernate.type.BasicTypeRegistry     : Adding type registration java.math.BigDecimal -> org.hibernate.type.BasicTypeReference@4ef18604
2024-08-03T22:28:58.552-05:00 DEBUG 26535 --- [PruebaT] [           main] org.hibernate.type.BasicTypeRegistry     : Adding type registration character -> org.hibernate.type.BasicTypeReference@372f0a99
2024-08-03T22:28:58.552-05:00 DEBUG 26535 --- [PruebaT] [           main] org.hibernate.type.BasicTypeRegistry     : Adding type registration char -> org.hibernate.type.BasicTypeReference@372f0a99
2024-08-03T22:28:58.552-05:00 DEBUG 26535 --- [PruebaT] [           main] org.hibernate.type.BasicTypeRegistry     : Adding type registration java.lang.Character -> org.hibernate.type.BasicTypeReference@372f0a99
2024-08-03T22:28:58.552-05:00 DEBUG 26535 --- [PruebaT] [           main] org.hibernate.type.BasicTypeRegistry     : Adding type registration character_nchar -> org.hibernate.type.BasicTypeReference@16cf8438
2024-08-03T22:28:58.552-05:00 DEBUG 26535 --- [PruebaT] [           main] org.hibernate.type.BasicTypeRegistry     : Adding type registration string -> org.hibernate.type.BasicTypeReference@3e5beab5
2024-08-03T22:28:58.552-05:00 DEBUG 26535 --- [PruebaT] [           main] org.hibernate.type.BasicTypeRegistry     : Adding type registration java.lang.String -> org.hibernate.type.BasicTypeReference@3e5beab5
2024-08-03T22:28:58.552-05:00 DEBUG 26535 --- [PruebaT] [           main] org.hibernate.type.BasicTypeRegistry     : Adding type registration nstring -> org.hibernate.type.BasicTypeReference@7c588adc
2024-08-03T22:28:58.552-05:00 DEBUG 26535 --- [PruebaT] [           main] org.hibernate.type.BasicTypeRegistry     : Adding type registration characters -> org.hibernate.type.BasicTypeReference@33ec2c0c
2024-08-03T22:28:58.552-05:00 DEBUG 26535 --- [PruebaT] [           main] org.hibernate.type.BasicTypeRegistry     : Adding type registration char[] -> org.hibernate.type.BasicTypeReference@33ec2c0c
2024-08-03T22:28:58.552-05:00 DEBUG 26535 --- [PruebaT] [           main] org.hibernate.type.BasicTypeRegistry     : Adding type registration [C -> org.hibernate.type.BasicTypeReference@33ec2c0c
2024-08-03T22:28:58.552-05:00 DEBUG 26535 --- [PruebaT] [           main] org.hibernate.type.BasicTypeRegistry     : Adding type registration wrapper-characters -> org.hibernate.type.BasicTypeReference@5968800d
2024-08-03T22:28:58.552-05:00 DEBUG 26535 --- [PruebaT] [           main] org.hibernate.type.BasicTypeRegistry     : Adding type registration text -> org.hibernate.type.BasicTypeReference@3887c7d7
2024-08-03T22:28:58.552-05:00 DEBUG 26535 --- [PruebaT] [           main] org.hibernate.type.BasicTypeRegistry     : Adding type registration ntext -> org.hibernate.type.BasicTypeReference@b1b471
2024-08-03T22:28:58.553-05:00 DEBUG 26535 --- [PruebaT] [           main] org.hibernate.type.BasicTypeRegistry     : Adding type registration clob -> org.hibernate.type.BasicTypeReference@526f6427
2024-08-03T22:28:58.553-05:00 DEBUG 26535 --- [PruebaT] [           main] org.hibernate.type.BasicTypeRegistry     : Adding type registration java.sql.Clob -> org.hibernate.type.BasicTypeReference@526f6427
2024-08-03T22:28:58.553-05:00 DEBUG 26535 --- [PruebaT] [           main] org.hibernate.type.BasicTypeRegistry     : Adding type registration nclob -> org.hibernate.type.BasicTypeReference@4f1afe8f
2024-08-03T22:28:58.553-05:00 DEBUG 26535 --- [PruebaT] [           main] org.hibernate.type.BasicTypeRegistry     : Adding type registration java.sql.NClob -> org.hibernate.type.BasicTypeReference@4f1afe8f
2024-08-03T22:28:58.553-05:00 DEBUG 26535 --- [PruebaT] [           main] org.hibernate.type.BasicTypeRegistry     : Adding type registration materialized_clob -> org.hibernate.type.BasicTypeReference@492521c4
2024-08-03T22:28:58.553-05:00 DEBUG 26535 --- [PruebaT] [           main] org.hibernate.type.BasicTypeRegistry     : Adding type registration materialized_clob_char_array -> org.hibernate.type.BasicTypeReference@443a06ad
2024-08-03T22:28:58.553-05:00 DEBUG 26535 --- [PruebaT] [           main] org.hibernate.type.BasicTypeRegistry     : Adding type registration materialized_clob_character_array -> org.hibernate.type.BasicTypeReference@6ddd1c51
2024-08-03T22:28:58.553-05:00 DEBUG 26535 --- [PruebaT] [           main] org.hibernate.type.BasicTypeRegistry     : Adding type registration materialized_nclob -> org.hibernate.type.BasicTypeReference@752b69e3
2024-08-03T22:28:58.553-05:00 DEBUG 26535 --- [PruebaT] [           main] org.hibernate.type.BasicTypeRegistry     : Adding type registration materialized_nclob_character_array -> org.hibernate.type.BasicTypeReference@15605d83
2024-08-03T22:28:58.553-05:00 DEBUG 26535 --- [PruebaT] [           main] org.hibernate.type.BasicTypeRegistry     : Adding type registration materialized_nclob_char_array -> org.hibernate.type.BasicTypeReference@1fb2eec
2024-08-03T22:28:58.553-05:00 DEBUG 26535 --- [PruebaT] [           main] org.hibernate.type.BasicTypeRegistry     : Adding type registration Duration -> org.hibernate.type.BasicTypeReference@4c18516
2024-08-03T22:28:58.553-05:00 DEBUG 26535 --- [PruebaT] [           main] org.hibernate.type.BasicTypeRegistry     : Adding type registration java.time.Duration -> org.hibernate.type.BasicTypeReference@4c18516
2024-08-03T22:28:58.553-05:00 DEBUG 26535 --- [PruebaT] [           main] org.hibernate.type.BasicTypeRegistry     : Adding type registration LocalDateTime -> org.hibernate.type.BasicTypeReference@2a0b901c
2024-08-03T22:28:58.553-05:00 DEBUG 26535 --- [PruebaT] [           main] org.hibernate.type.BasicTypeRegistry     : Adding type registration java.time.LocalDateTime -> org.hibernate.type.BasicTypeReference@2a0b901c
2024-08-03T22:28:58.553-05:00 DEBUG 26535 --- [PruebaT] [           main] org.hibernate.type.BasicTypeRegistry     : Adding type registration LocalDate -> org.hibernate.type.BasicTypeReference@3d104c9b
2024-08-03T22:28:58.553-05:00 DEBUG 26535 --- [PruebaT] [           main] org.hibernate.type.BasicTypeRegistry     : Adding type registration java.time.LocalDate -> org.hibernate.type.BasicTypeReference@3d104c9b
2024-08-03T22:28:58.553-05:00 DEBUG 26535 --- [PruebaT] [           main] org.hibernate.type.BasicTypeRegistry     : Adding type registration LocalTime -> org.hibernate.type.BasicTypeReference@6544899b
2024-08-03T22:28:58.553-05:00 DEBUG 26535 --- [PruebaT] [           main] org.hibernate.type.BasicTypeRegistry     : Adding type registration java.time.LocalTime -> org.hibernate.type.BasicTypeReference@6544899b
2024-08-03T22:28:58.553-05:00 DEBUG 26535 --- [PruebaT] [           main] org.hibernate.type.BasicTypeRegistry     : Adding type registration OffsetDateTime -> org.hibernate.type.BasicTypeReference@6da54910
2024-08-03T22:28:58.553-05:00 DEBUG 26535 --- [PruebaT] [           main] org.hibernate.type.BasicTypeRegistry     : Adding type registration java.time.OffsetDateTime -> org.hibernate.type.BasicTypeReference@6da54910
2024-08-03T22:28:58.553-05:00 DEBUG 26535 --- [PruebaT] [           main] org.hibernate.type.BasicTypeRegistry     : Adding type registration OffsetDateTimeWithTimezone -> org.hibernate.type.BasicTypeReference@1bd8afc8
2024-08-03T22:28:58.553-05:00 DEBUG 26535 --- [PruebaT] [           main] org.hibernate.type.BasicTypeRegistry     : Adding type registration OffsetDateTimeWithoutTimezone -> org.hibernate.type.BasicTypeReference@24134cbc
2024-08-03T22:28:58.553-05:00 DEBUG 26535 --- [PruebaT] [           main] org.hibernate.type.BasicTypeRegistry     : Adding type registration OffsetTime -> org.hibernate.type.BasicTypeReference@65da01f4
2024-08-03T22:28:58.553-05:00 DEBUG 26535 --- [PruebaT] [           main] org.hibernate.type.BasicTypeRegistry     : Adding type registration java.time.OffsetTime -> org.hibernate.type.BasicTypeReference@65da01f4
2024-08-03T22:28:58.553-05:00 DEBUG 26535 --- [PruebaT] [           main] org.hibernate.type.BasicTypeRegistry     : Adding type registration OffsetTimeUtc -> org.hibernate.type.BasicTypeReference@22f02996
2024-08-03T22:28:58.553-05:00 DEBUG 26535 --- [PruebaT] [           main] org.hibernate.type.BasicTypeRegistry     : Adding type registration OffsetTimeWithTimezone -> org.hibernate.type.BasicTypeReference@7c8874ef
2024-08-03T22:28:58.553-05:00 DEBUG 26535 --- [PruebaT] [           main] org.hibernate.type.BasicTypeRegistry     : Adding type registration OffsetTimeWithoutTimezone -> org.hibernate.type.BasicTypeReference@42c0a16e
2024-08-03T22:28:58.553-05:00 DEBUG 26535 --- [PruebaT] [           main] org.hibernate.type.BasicTypeRegistry     : Adding type registration ZonedDateTime -> org.hibernate.type.BasicTypeReference@77a0dd63
2024-08-03T22:28:58.553-05:00 DEBUG 26535 --- [PruebaT] [           main] org.hibernate.type.BasicTypeRegistry     : Adding type registration java.time.ZonedDateTime -> org.hibernate.type.BasicTypeReference@77a0dd63
2024-08-03T22:28:58.553-05:00 DEBUG 26535 --- [PruebaT] [           main] org.hibernate.type.BasicTypeRegistry     : Adding type registration ZonedDateTimeWithTimezone -> org.hibernate.type.BasicTypeReference@543fe698
2024-08-03T22:28:58.554-05:00 DEBUG 26535 --- [PruebaT] [           main] org.hibernate.type.BasicTypeRegistry     : Adding type registration ZonedDateTimeWithoutTimezone -> org.hibernate.type.BasicTypeReference@6b2fdffc
2024-08-03T22:28:58.554-05:00 DEBUG 26535 --- [PruebaT] [           main] org.hibernate.type.BasicTypeRegistry     : Adding type registration date -> org.hibernate.type.BasicTypeReference@2ca3d826
2024-08-03T22:28:58.554-05:00 DEBUG 26535 --- [PruebaT] [           main] org.hibernate.type.BasicTypeRegistry     : Adding type registration java.sql.Date -> org.hibernate.type.BasicTypeReference@2ca3d826
2024-08-03T22:28:58.554-05:00 DEBUG 26535 --- [PruebaT] [           main] org.hibernate.type.BasicTypeRegistry     : Adding type registration time -> org.hibernate.type.BasicTypeReference@5d194314
2024-08-03T22:28:58.554-05:00 DEBUG 26535 --- [PruebaT] [           main] org.hibernate.type.BasicTypeRegistry     : Adding type registration java.sql.Time -> org.hibernate.type.BasicTypeReference@5d194314
2024-08-03T22:28:58.554-05:00 DEBUG 26535 --- [PruebaT] [           main] org.hibernate.type.BasicTypeRegistry     : Adding type registration timestamp -> org.hibernate.type.BasicTypeReference@76396509
2024-08-03T22:28:58.554-05:00 DEBUG 26535 --- [PruebaT] [           main] org.hibernate.type.BasicTypeRegistry     : Adding type registration java.sql.Timestamp -> org.hibernate.type.BasicTypeReference@76396509
2024-08-03T22:28:58.554-05:00 DEBUG 26535 --- [PruebaT] [           main] org.hibernate.type.BasicTypeRegistry     : Adding type registration java.util.Date -> org.hibernate.type.BasicTypeReference@76396509
2024-08-03T22:28:58.554-05:00 DEBUG 26535 --- [PruebaT] [           main] org.hibernate.type.BasicTypeRegistry     : Adding type registration calendar -> org.hibernate.type.BasicTypeReference@637c840d
2024-08-03T22:28:58.554-05:00 DEBUG 26535 --- [PruebaT] [           main] org.hibernate.type.BasicTypeRegistry     : Adding type registration java.util.Calendar -> org.hibernate.type.BasicTypeReference@637c840d
2024-08-03T22:28:58.554-05:00 DEBUG 26535 --- [PruebaT] [           main] org.hibernate.type.BasicTypeRegistry     : Adding type registration java.util.GregorianCalendar -> org.hibernate.type.BasicTypeReference@637c840d
2024-08-03T22:28:58.554-05:00 DEBUG 26535 --- [PruebaT] [           main] org.hibernate.type.BasicTypeRegistry     : Adding type registration calendar_date -> org.hibernate.type.BasicTypeReference@51ac12ac
2024-08-03T22:28:58.554-05:00 DEBUG 26535 --- [PruebaT] [           main] org.hibernate.type.BasicTypeRegistry     : Adding type registration calendar_time -> org.hibernate.type.BasicTypeReference@463afa6e
2024-08-03T22:28:58.554-05:00 DEBUG 26535 --- [PruebaT] [           main] org.hibernate.type.BasicTypeRegistry     : Adding type registration instant -> org.hibernate.type.BasicTypeReference@7b96de8d
2024-08-03T22:28:58.554-05:00 DEBUG 26535 --- [PruebaT] [           main] org.hibernate.type.BasicTypeRegistry     : Adding type registration java.time.Instant -> org.hibernate.type.BasicTypeReference@7b96de8d
2024-08-03T22:28:58.554-05:00 DEBUG 26535 --- [PruebaT] [           main] org.hibernate.type.BasicTypeRegistry     : Adding type registration uuid -> org.hibernate.type.BasicTypeReference@7ccd611e
2024-08-03T22:28:58.554-05:00 DEBUG 26535 --- [PruebaT] [           main] org.hibernate.type.BasicTypeRegistry     : Adding type registration java.util.UUID -> org.hibernate.type.BasicTypeReference@7ccd611e
2024-08-03T22:28:58.554-05:00 DEBUG 26535 --- [PruebaT] [           main] org.hibernate.type.BasicTypeRegistry     : Adding type registration pg-uuid -> org.hibernate.type.BasicTypeReference@7ccd611e
2024-08-03T22:28:58.554-05:00 DEBUG 26535 --- [PruebaT] [           main] org.hibernate.type.BasicTypeRegistry     : Adding type registration uuid-binary -> org.hibernate.type.BasicTypeReference@4dc52559
2024-08-03T22:28:58.554-05:00 DEBUG 26535 --- [PruebaT] [           main] org.hibernate.type.BasicTypeRegistry     : Adding type registration uuid-char -> org.hibernate.type.BasicTypeReference@5c3d4f05
2024-08-03T22:28:58.554-05:00 DEBUG 26535 --- [PruebaT] [           main] org.hibernate.type.BasicTypeRegistry     : Adding type registration class -> org.hibernate.type.BasicTypeReference@119290b9
2024-08-03T22:28:58.554-05:00 DEBUG 26535 --- [PruebaT] [           main] org.hibernate.type.BasicTypeRegistry     : Adding type registration java.lang.Class -> org.hibernate.type.BasicTypeReference@119290b9
2024-08-03T22:28:58.554-05:00 DEBUG 26535 --- [PruebaT] [           main] org.hibernate.type.BasicTypeRegistry     : Adding type registration currency -> org.hibernate.type.BasicTypeReference@640d604
2024-08-03T22:28:58.554-05:00 DEBUG 26535 --- [PruebaT] [           main] org.hibernate.type.BasicTypeRegistry     : Adding type registration Currency -> org.hibernate.type.BasicTypeReference@640d604
2024-08-03T22:28:58.554-05:00 DEBUG 26535 --- [PruebaT] [           main] org.hibernate.type.BasicTypeRegistry     : Adding type registration java.util.Currency -> org.hibernate.type.BasicTypeReference@640d604
2024-08-03T22:28:58.555-05:00 DEBUG 26535 --- [PruebaT] [           main] org.hibernate.type.BasicTypeRegistry     : Adding type registration locale -> org.hibernate.type.BasicTypeReference@5438fa43
2024-08-03T22:28:58.555-05:00 DEBUG 26535 --- [PruebaT] [           main] org.hibernate.type.BasicTypeRegistry     : Adding type registration java.util.Locale -> org.hibernate.type.BasicTypeReference@5438fa43
2024-08-03T22:28:58.555-05:00 DEBUG 26535 --- [PruebaT] [           main] org.hibernate.type.BasicTypeRegistry     : Adding type registration serializable -> org.hibernate.type.BasicTypeReference@512abf25
2024-08-03T22:28:58.555-05:00 DEBUG 26535 --- [PruebaT] [           main] org.hibernate.type.BasicTypeRegistry     : Adding type registration java.io.Serializable -> org.hibernate.type.BasicTypeReference@512abf25
2024-08-03T22:28:58.555-05:00 DEBUG 26535 --- [PruebaT] [           main] org.hibernate.type.BasicTypeRegistry     : Adding type registration timezone -> org.hibernate.type.BasicTypeReference@515ab3f2
2024-08-03T22:28:58.555-05:00 DEBUG 26535 --- [PruebaT] [           main] org.hibernate.type.BasicTypeRegistry     : Adding type registration java.util.TimeZone -> org.hibernate.type.BasicTypeReference@515ab3f2
2024-08-03T22:28:58.555-05:00 DEBUG 26535 --- [PruebaT] [           main] org.hibernate.type.BasicTypeRegistry     : Adding type registration ZoneOffset -> org.hibernate.type.BasicTypeReference@6d0e45a5
2024-08-03T22:28:58.555-05:00 DEBUG 26535 --- [PruebaT] [           main] org.hibernate.type.BasicTypeRegistry     : Adding type registration java.time.ZoneOffset -> org.hibernate.type.BasicTypeReference@6d0e45a5
2024-08-03T22:28:58.555-05:00 DEBUG 26535 --- [PruebaT] [           main] org.hibernate.type.BasicTypeRegistry     : Adding type registration url -> org.hibernate.type.BasicTypeReference@7e7740a5
2024-08-03T22:28:58.555-05:00 DEBUG 26535 --- [PruebaT] [           main] org.hibernate.type.BasicTypeRegistry     : Adding type registration java.net.URL -> org.hibernate.type.BasicTypeReference@7e7740a5
2024-08-03T22:28:58.555-05:00 DEBUG 26535 --- [PruebaT] [           main] org.hibernate.type.BasicTypeRegistry     : Adding type registration vector -> org.hibernate.type.BasicTypeReference@7aa01bd9
2024-08-03T22:28:58.555-05:00 DEBUG 26535 --- [PruebaT] [           main] org.hibernate.type.BasicTypeRegistry     : Adding type registration row_version -> org.hibernate.type.BasicTypeReference@7e61e25c
2024-08-03T22:28:58.557-05:00 DEBUG 26535 --- [PruebaT] [           main] org.hibernate.type.BasicTypeRegistry     : Adding type registration object -> org.hibernate.type.JavaObjectType@2313db84
2024-08-03T22:28:58.557-05:00 DEBUG 26535 --- [PruebaT] [           main] org.hibernate.type.BasicTypeRegistry     : Adding type registration java.lang.Object -> org.hibernate.type.JavaObjectType@2313db84
2024-08-03T22:28:58.557-05:00 DEBUG 26535 --- [PruebaT] [           main] org.hibernate.type.BasicTypeRegistry     : Adding type registration null -> org.hibernate.type.NullType@48d739f
2024-08-03T22:28:58.557-05:00 DEBUG 26535 --- [PruebaT] [           main] org.hibernate.type.BasicTypeRegistry     : Adding type registration imm_date -> org.hibernate.type.BasicTypeReference@51e7589f
2024-08-03T22:28:58.557-05:00 DEBUG 26535 --- [PruebaT] [           main] org.hibernate.type.BasicTypeRegistry     : Adding type registration imm_time -> org.hibernate.type.BasicTypeReference@65cc5252
2024-08-03T22:28:58.557-05:00 DEBUG 26535 --- [PruebaT] [           main] org.hibernate.type.BasicTypeRegistry     : Adding type registration imm_timestamp -> org.hibernate.type.BasicTypeReference@42c12b3e
2024-08-03T22:28:58.557-05:00 DEBUG 26535 --- [PruebaT] [           main] org.hibernate.type.BasicTypeRegistry     : Adding type registration imm_calendar -> org.hibernate.type.BasicTypeReference@2dbfa972
2024-08-03T22:28:58.557-05:00 DEBUG 26535 --- [PruebaT] [           main] org.hibernate.type.BasicTypeRegistry     : Adding type registration imm_calendar_date -> org.hibernate.type.BasicTypeReference@46f73ffa
2024-08-03T22:28:58.557-05:00 DEBUG 26535 --- [PruebaT] [           main] org.hibernate.type.BasicTypeRegistry     : Adding type registration imm_calendar_time -> org.hibernate.type.BasicTypeReference@41aebbb4
2024-08-03T22:28:58.557-05:00 DEBUG 26535 --- [PruebaT] [           main] org.hibernate.type.BasicTypeRegistry     : Adding type registration imm_binary -> org.hibernate.type.BasicTypeReference@afde064
2024-08-03T22:28:58.557-05:00 DEBUG 26535 --- [PruebaT] [           main] org.hibernate.type.BasicTypeRegistry     : Adding type registration imm_serializable -> org.hibernate.type.BasicTypeReference@5a592c70
2024-08-03T22:28:58.559-05:00 DEBUG 26535 --- [PruebaT] [           main] o.h.boot.internal.BootstrapContextImpl   : Injecting JPA temp ClassLoader [org.springframework.instrument.classloading.SimpleThrowawayClassLoader@63e5b8aa] into BootstrapContext; was [null]
2024-08-03T22:28:58.559-05:00 DEBUG 26535 --- [PruebaT] [           main] o.h.boot.internal.ClassLoaderAccessImpl  : ClassLoaderAccessImpl#injectTempClassLoader(org.springframework.instrument.classloading.SimpleThrowawayClassLoader@63e5b8aa) [was null]
2024-08-03T22:28:58.559-05:00 DEBUG 26535 --- [PruebaT] [           main] o.h.boot.internal.BootstrapContextImpl   : Injecting ScanEnvironment [org.hibernate.jpa.boot.internal.StandardJpaScanEnvironmentImpl@5785e813] into BootstrapContext; was [null]
2024-08-03T22:28:58.560-05:00 DEBUG 26535 --- [PruebaT] [           main] o.h.boot.internal.BootstrapContextImpl   : Injecting ScanOptions [org.hibernate.boot.archive.scan.internal.StandardScanOptions@10b8b900] into BootstrapContext; was [org.hibernate.boot.archive.scan.internal.StandardScanOptions@6d294ddc]
2024-08-03T22:28:58.674-05:00  INFO 26535 --- [PruebaT] [           main] o.s.o.j.p.SpringPersistenceUnitInfo      : No LoadTimeWeaver setup: ignoring JPA class transformer
2024-08-03T22:28:58.675-05:00 DEBUG 26535 --- [PruebaT] [           main] o.h.boot.internal.BootstrapContextImpl   : Injecting JPA temp ClassLoader [null] into BootstrapContext; was [org.springframework.instrument.classloading.SimpleThrowawayClassLoader@63e5b8aa]
2024-08-03T22:28:58.675-05:00 DEBUG 26535 --- [PruebaT] [           main] o.h.boot.internal.ClassLoaderAccessImpl  : ClassLoaderAccessImpl#injectTempClassLoader(null) [was org.springframework.instrument.classloading.SimpleThrowawayClassLoader@63e5b8aa]
2024-08-03T22:28:58.686-05:00 DEBUG 26535 --- [PruebaT] [           main] com.zaxxer.hikari.HikariConfig           : HikariPool-1 - configuration:
2024-08-03T22:28:58.687-05:00 DEBUG 26535 --- [PruebaT] [           main] com.zaxxer.hikari.HikariConfig           : allowPoolSuspension.............false
2024-08-03T22:28:58.688-05:00 DEBUG 26535 --- [PruebaT] [           main] com.zaxxer.hikari.HikariConfig           : autoCommit......................true
2024-08-03T22:28:58.688-05:00 DEBUG 26535 --- [PruebaT] [           main] com.zaxxer.hikari.HikariConfig           : catalog.........................none
2024-08-03T22:28:58.688-05:00 DEBUG 26535 --- [PruebaT] [           main] com.zaxxer.hikari.HikariConfig           : connectionInitSql...............none
2024-08-03T22:28:58.688-05:00 DEBUG 26535 --- [PruebaT] [           main] com.zaxxer.hikari.HikariConfig           : connectionTestQuery.............none
2024-08-03T22:28:58.688-05:00 DEBUG 26535 --- [PruebaT] [           main] com.zaxxer.hikari.HikariConfig           : connectionTimeout...............30000
2024-08-03T22:28:58.688-05:00 DEBUG 26535 --- [PruebaT] [           main] com.zaxxer.hikari.HikariConfig           : dataSource......................none
2024-08-03T22:28:58.688-05:00 DEBUG 26535 --- [PruebaT] [           main] com.zaxxer.hikari.HikariConfig           : dataSourceClassName.............none
2024-08-03T22:28:58.688-05:00 DEBUG 26535 --- [PruebaT] [           main] com.zaxxer.hikari.HikariConfig           : dataSourceJNDI..................none
2024-08-03T22:28:58.689-05:00 DEBUG 26535 --- [PruebaT] [           main] com.zaxxer.hikari.HikariConfig           : dataSourceProperties............{password=<masked>}
2024-08-03T22:28:58.689-05:00 DEBUG 26535 --- [PruebaT] [           main] com.zaxxer.hikari.HikariConfig           : driverClassName................."org.h2.Driver"
2024-08-03T22:28:58.689-05:00 DEBUG 26535 --- [PruebaT] [           main] com.zaxxer.hikari.HikariConfig           : exceptionOverrideClassName......none
2024-08-03T22:28:58.689-05:00 DEBUG 26535 --- [PruebaT] [           main] com.zaxxer.hikari.HikariConfig           : healthCheckProperties...........{}
2024-08-03T22:28:58.689-05:00 DEBUG 26535 --- [PruebaT] [           main] com.zaxxer.hikari.HikariConfig           : healthCheckRegistry.............none
2024-08-03T22:28:58.689-05:00 DEBUG 26535 --- [PruebaT] [           main] com.zaxxer.hikari.HikariConfig           : idleTimeout.....................600000
2024-08-03T22:28:58.689-05:00 DEBUG 26535 --- [PruebaT] [           main] com.zaxxer.hikari.HikariConfig           : initializationFailTimeout.......1
2024-08-03T22:28:58.689-05:00 DEBUG 26535 --- [PruebaT] [           main] com.zaxxer.hikari.HikariConfig           : isolateInternalQueries..........false
2024-08-03T22:28:58.689-05:00 DEBUG 26535 --- [PruebaT] [           main] com.zaxxer.hikari.HikariConfig           : jdbcUrl.........................jdbc:h2:mem:testdb
2024-08-03T22:28:58.689-05:00 DEBUG 26535 --- [PruebaT] [           main] com.zaxxer.hikari.HikariConfig           : keepaliveTime...................0
2024-08-03T22:28:58.689-05:00 DEBUG 26535 --- [PruebaT] [           main] com.zaxxer.hikari.HikariConfig           : leakDetectionThreshold..........0
2024-08-03T22:28:58.689-05:00 DEBUG 26535 --- [PruebaT] [           main] com.zaxxer.hikari.HikariConfig           : maxLifetime.....................1800000
2024-08-03T22:28:58.689-05:00 DEBUG 26535 --- [PruebaT] [           main] com.zaxxer.hikari.HikariConfig           : maximumPoolSize.................10
2024-08-03T22:28:58.690-05:00 DEBUG 26535 --- [PruebaT] [           main] com.zaxxer.hikari.HikariConfig           : metricRegistry..................none
2024-08-03T22:28:58.690-05:00 DEBUG 26535 --- [PruebaT] [           main] com.zaxxer.hikari.HikariConfig           : metricsTrackerFactory...........none
2024-08-03T22:28:58.690-05:00 DEBUG 26535 --- [PruebaT] [           main] com.zaxxer.hikari.HikariConfig           : minimumIdle.....................10
2024-08-03T22:28:58.690-05:00 DEBUG 26535 --- [PruebaT] [           main] com.zaxxer.hikari.HikariConfig           : password........................<masked>
2024-08-03T22:28:58.690-05:00 DEBUG 26535 --- [PruebaT] [           main] com.zaxxer.hikari.HikariConfig           : poolName........................"HikariPool-1"
2024-08-03T22:28:58.690-05:00 DEBUG 26535 --- [PruebaT] [           main] com.zaxxer.hikari.HikariConfig           : readOnly........................false
2024-08-03T22:28:58.690-05:00 DEBUG 26535 --- [PruebaT] [           main] com.zaxxer.hikari.HikariConfig           : registerMbeans..................false
2024-08-03T22:28:58.690-05:00 DEBUG 26535 --- [PruebaT] [           main] com.zaxxer.hikari.HikariConfig           : scheduledExecutor...............none
2024-08-03T22:28:58.690-05:00 DEBUG 26535 --- [PruebaT] [           main] com.zaxxer.hikari.HikariConfig           : schema..........................none
2024-08-03T22:28:58.690-05:00 DEBUG 26535 --- [PruebaT] [           main] com.zaxxer.hikari.HikariConfig           : threadFactory...................internal
2024-08-03T22:28:58.690-05:00 DEBUG 26535 --- [PruebaT] [           main] com.zaxxer.hikari.HikariConfig           : transactionIsolation............default
2024-08-03T22:28:58.690-05:00 DEBUG 26535 --- [PruebaT] [           main] com.zaxxer.hikari.HikariConfig           : username........................"sa"
2024-08-03T22:28:58.690-05:00 DEBUG 26535 --- [PruebaT] [           main] com.zaxxer.hikari.HikariConfig           : validationTimeout...............5000
2024-08-03T22:28:58.690-05:00  INFO 26535 --- [PruebaT] [           main] com.zaxxer.hikari.HikariDataSource       : HikariPool-1 - Starting...
2024-08-03T22:28:58.796-05:00  INFO 26535 --- [PruebaT] [           main] com.zaxxer.hikari.pool.HikariPool        : HikariPool-1 - Added connection conn0: url=jdbc:h2:mem:testdb user=SA
2024-08-03T22:28:58.797-05:00  INFO 26535 --- [PruebaT] [           main] com.zaxxer.hikari.HikariDataSource       : HikariPool-1 - Start completed.
2024-08-03T22:28:58.801-05:00 DEBUG 26535 --- [PruebaT] [           main] o.h.e.j.e.i.JdbcEnvironmentInitiator     : Database ->
	   name : H2
	version : 2.2.224 (2023-09-17)
	  major : 2
	  minor : 2
2024-08-03T22:28:58.801-05:00 DEBUG 26535 --- [PruebaT] [           main] o.h.e.j.e.i.JdbcEnvironmentInitiator     : Driver ->
	   name : H2 JDBC Driver
	version : 2.2.224 (2023-09-17)
	  major : 2
	  minor : 2
2024-08-03T22:28:58.801-05:00 DEBUG 26535 --- [PruebaT] [           main] o.h.e.j.e.i.JdbcEnvironmentInitiator     : JDBC version : 4.2
2024-08-03T22:28:58.812-05:00  WARN 26535 --- [PruebaT] [           main] org.hibernate.orm.deprecation            : HHH90000025: H2Dialect does not need to be specified explicitly using 'hibernate.dialect' (remove the property setting and it will be selected by default)
2024-08-03T22:28:58.813-05:00 DEBUG 26535 --- [PruebaT] [           main] org.hibernate.orm.dialect                : HHH035001: Using dialect: org.hibernate.dialect.H2Dialect, version: 2.2.224
2024-08-03T22:28:58.815-05:00 DEBUG 26535 --- [PruebaT] [           main] o.h.e.j.env.spi.IdentifierHelperBuilder  : JDBC driver metadata reported database stores quoted identifiers in neither upper, lower nor mixed case
2024-08-03T22:28:58.825-05:00 DEBUG 26535 --- [PruebaT] [           main] o.h.t.d.jdbc.spi.JdbcTypeRegistry        : addDescriptor(NCharTypeDescriptor) replaced previous registration(CharTypeDescriptor)
2024-08-03T22:28:58.825-05:00 DEBUG 26535 --- [PruebaT] [           main] o.h.t.d.jdbc.spi.JdbcTypeRegistry        : addDescriptor(NVarcharTypeDescriptor) replaced previous registration(VarcharTypeDescriptor)
2024-08-03T22:28:58.825-05:00 DEBUG 26535 --- [PruebaT] [           main] o.h.t.d.jdbc.spi.JdbcTypeRegistry        : addDescriptor(LongNVarcharTypeDescriptor) replaced previous registration(LongVarcharTypeDescriptor)
2024-08-03T22:28:58.826-05:00 DEBUG 26535 --- [PruebaT] [           main] o.h.t.d.jdbc.spi.JdbcTypeRegistry        : addDescriptor(NClobTypeDescriptor(DEFAULT)) replaced previous registration(ClobTypeDescriptor(DEFAULT))
2024-08-03T22:28:58.828-05:00 DEBUG 26535 --- [PruebaT] [           main] o.h.t.d.jdbc.spi.JdbcTypeRegistry        : addDescriptor(2005, ClobTypeDescriptor(STREAM_BINDING)) replaced previous registration(ClobTypeDescriptor(DEFAULT))
2024-08-03T22:28:58.831-05:00 DEBUG 26535 --- [PruebaT] [           main] o.h.t.d.jdbc.spi.JdbcTypeRegistry        : addDescriptor(TimestampUtcDescriptor) replaced previous registration(TimestampUtcDescriptor)
2024-08-03T22:28:58.835-05:00 DEBUG 26535 --- [PruebaT] [           main] org.hibernate.type.BasicTypeRegistry     : Adding type registration org.hibernate.type.DurationType -> basicType@1(java.time.Duration,3015)
2024-08-03T22:28:58.835-05:00 DEBUG 26535 --- [PruebaT] [           main] org.hibernate.type.BasicTypeRegistry     : Adding type registration Duration -> basicType@1(java.time.Duration,3015)
2024-08-03T22:28:58.835-05:00 DEBUG 26535 --- [PruebaT] [           main] org.hibernate.type.BasicTypeRegistry     : Adding type registration java.time.Duration -> basicType@1(java.time.Duration,3015)
2024-08-03T22:28:58.836-05:00 DEBUG 26535 --- [PruebaT] [           main] o.h.type.spi.TypeConfiguration$Scope     : Scoping TypeConfiguration [org.hibernate.type.spi.TypeConfiguration@359865a2] to MetadataBuildingContext [org.hibernate.boot.internal.MetadataBuildingContextRootImpl@5d9bb69b]
2024-08-03T22:28:58.849-05:00 DEBUG 26535 --- [PruebaT] [           main] o.h.boot.model.relational.Namespace      : Created database namespace [logicalName=Name{catalog=null, schema=null}, physicalName=Name{catalog=null, schema=null}]
2024-08-03T22:28:58.851-05:00 DEBUG 26535 --- [PruebaT] [           main] .a.AnnotationMetadataSourceProcessorImpl : Skipping explicit MappedSuperclass com.example.PruebaT.model.Persona, the class will be discovered analyzing the implementing class
2024-08-03T22:28:58.858-05:00 DEBUG 26535 --- [PruebaT] [           main] o.h.boot.model.internal.EntityBinder     : Binding entity from annotated class: com.example.PruebaT.model.Cliente
2024-08-03T22:28:58.860-05:00 DEBUG 26535 --- [PruebaT] [           main] o.h.boot.model.internal.EntityBinder     : Import with entity name Cliente
2024-08-03T22:28:58.863-05:00 DEBUG 26535 --- [PruebaT] [           main] o.h.boot.model.internal.EntityBinder     : Bind entity com.example.PruebaT.model.Cliente on table cliente
2024-08-03T22:28:58.867-05:00 DEBUG 26535 --- [PruebaT] [           main] o.h.boot.model.internal.AnnotatedColumn  : Binding column: AnnotatedDiscriminatorColumn(column='DTYPE')
2024-08-03T22:28:58.874-05:00 DEBUG 26535 --- [PruebaT] [           main] o.h.boot.model.internal.AnnotatedColumn  : Binding column: AnnotatedColumn(column='id')
2024-08-03T22:28:58.874-05:00 DEBUG 26535 --- [PruebaT] [           main] o.h.boot.internal.ClassLoaderAccessImpl  : Not known whether passed class name [com.example.PruebaT.model.Cliente] is safe
2024-08-03T22:28:58.874-05:00 DEBUG 26535 --- [PruebaT] [           main] o.h.boot.internal.ClassLoaderAccessImpl  : No temp ClassLoader provided; using live ClassLoader for loading potentially unsafe class : com.example.PruebaT.model.Cliente
2024-08-03T22:28:58.876-05:00 DEBUG 26535 --- [PruebaT] [           main] o.h.boot.model.internal.PropertyBinder   : MetadataSourceProcessor property clienteId with lazy=false
2024-08-03T22:28:58.877-05:00 DEBUG 26535 --- [PruebaT] [           main] o.h.b.m.internal.AbstractPropertyHolder  : Attempting to locate auto-apply AttributeConverter for property [com.example.PruebaT.model.Cliente:clienteId]
2024-08-03T22:28:58.879-05:00 DEBUG 26535 --- [PruebaT] [           main] o.h.b.model.internal.BasicValueBinder    : building BasicValue for clienteId
2024-08-03T22:28:58.880-05:00 DEBUG 26535 --- [PruebaT] [           main] org.hibernate.mapping.BasicValue         : Skipping column re-registration: cliente.id
2024-08-03T22:28:58.880-05:00 DEBUG 26535 --- [PruebaT] [           main] o.h.boot.model.internal.PropertyBinder   : Building property clienteId
2024-08-03T22:28:58.881-05:00 DEBUG 26535 --- [PruebaT] [           main] o.h.boot.model.internal.BinderHelper     : #makeIdGenerator(BasicValue([Column(id)]), clienteId, identity, , ...)
2024-08-03T22:28:58.882-05:00 DEBUG 26535 --- [PruebaT] [           main] o.h.boot.model.internal.AnnotatedColumn  : Binding column: AnnotatedColumn()
2024-08-03T22:28:58.882-05:00 DEBUG 26535 --- [PruebaT] [           main] o.h.boot.model.internal.PropertyBinder   : MetadataSourceProcessor property direccion with lazy=false
2024-08-03T22:28:58.882-05:00 DEBUG 26535 --- [PruebaT] [           main] o.h.b.m.internal.AbstractPropertyHolder  : Attempting to locate auto-apply AttributeConverter for property [com.example.PruebaT.model.Cliente:direccion]
2024-08-03T22:28:58.882-05:00 DEBUG 26535 --- [PruebaT] [           main] o.h.b.model.internal.BasicValueBinder    : building BasicValue for direccion
2024-08-03T22:28:58.882-05:00 DEBUG 26535 --- [PruebaT] [           main] org.hibernate.mapping.BasicValue         : Skipping column re-registration: cliente.direccion
2024-08-03T22:28:58.882-05:00 DEBUG 26535 --- [PruebaT] [           main] o.h.boot.model.internal.PropertyBinder   : Building property direccion
2024-08-03T22:28:58.883-05:00 DEBUG 26535 --- [PruebaT] [           main] o.h.boot.model.internal.AnnotatedColumn  : Binding column: AnnotatedColumn()
2024-08-03T22:28:58.883-05:00 DEBUG 26535 --- [PruebaT] [           main] o.h.boot.model.internal.PropertyBinder   : MetadataSourceProcessor property edad with lazy=false
2024-08-03T22:28:58.883-05:00 DEBUG 26535 --- [PruebaT] [           main] o.h.b.m.internal.AbstractPropertyHolder  : Attempting to locate auto-apply AttributeConverter for property [com.example.PruebaT.model.Cliente:edad]
2024-08-03T22:28:58.883-05:00 DEBUG 26535 --- [PruebaT] [           main] o.h.b.model.internal.BasicValueBinder    : building BasicValue for edad
2024-08-03T22:28:58.883-05:00 DEBUG 26535 --- [PruebaT] [           main] org.hibernate.mapping.BasicValue         : Skipping column re-registration: cliente.edad
2024-08-03T22:28:58.883-05:00 DEBUG 26535 --- [PruebaT] [           main] o.h.boot.model.internal.PropertyBinder   : Building property edad
2024-08-03T22:28:58.883-05:00 DEBUG 26535 --- [PruebaT] [           main] o.h.boot.model.internal.AnnotatedColumn  : Binding column: AnnotatedColumn()
2024-08-03T22:28:58.883-05:00 DEBUG 26535 --- [PruebaT] [           main] o.h.boot.model.internal.PropertyBinder   : MetadataSourceProcessor property genero with lazy=false
2024-08-03T22:28:58.883-05:00 DEBUG 26535 --- [PruebaT] [           main] o.h.b.m.internal.AbstractPropertyHolder  : Attempting to locate auto-apply AttributeConverter for property [com.example.PruebaT.model.Cliente:genero]
2024-08-03T22:28:58.883-05:00 DEBUG 26535 --- [PruebaT] [           main] o.h.b.model.internal.BasicValueBinder    : building BasicValue for genero
2024-08-03T22:28:58.883-05:00 DEBUG 26535 --- [PruebaT] [           main] org.hibernate.mapping.BasicValue         : Skipping column re-registration: cliente.genero
2024-08-03T22:28:58.883-05:00 DEBUG 26535 --- [PruebaT] [           main] o.h.boot.model.internal.PropertyBinder   : Building property genero
2024-08-03T22:28:58.883-05:00 DEBUG 26535 --- [PruebaT] [           main] o.h.boot.model.internal.AnnotatedColumn  : Binding column: AnnotatedColumn()
2024-08-03T22:28:58.883-05:00 DEBUG 26535 --- [PruebaT] [           main] o.h.boot.model.internal.PropertyBinder   : MetadataSourceProcessor property identificacion with lazy=false
2024-08-03T22:28:58.883-05:00 DEBUG 26535 --- [PruebaT] [           main] o.h.b.m.internal.AbstractPropertyHolder  : Attempting to locate auto-apply AttributeConverter for property [com.example.PruebaT.model.Cliente:identificacion]
2024-08-03T22:28:58.883-05:00 DEBUG 26535 --- [PruebaT] [           main] o.h.b.model.internal.BasicValueBinder    : building BasicValue for identificacion
2024-08-03T22:28:58.883-05:00 DEBUG 26535 --- [PruebaT] [           main] org.hibernate.mapping.BasicValue         : Skipping column re-registration: cliente.identificacion
2024-08-03T22:28:58.883-05:00 DEBUG 26535 --- [PruebaT] [           main] o.h.boot.model.internal.PropertyBinder   : Building property identificacion
2024-08-03T22:28:58.883-05:00 DEBUG 26535 --- [PruebaT] [           main] o.h.boot.model.internal.AnnotatedColumn  : Binding column: AnnotatedColumn()
2024-08-03T22:28:58.883-05:00 DEBUG 26535 --- [PruebaT] [           main] o.h.boot.model.internal.PropertyBinder   : MetadataSourceProcessor property nombre with lazy=false
2024-08-03T22:28:58.883-05:00 DEBUG 26535 --- [PruebaT] [           main] o.h.b.m.internal.AbstractPropertyHolder  : Attempting to locate auto-apply AttributeConverter for property [com.example.PruebaT.model.Cliente:nombre]
2024-08-03T22:28:58.883-05:00 DEBUG 26535 --- [PruebaT] [           main] o.h.b.model.internal.BasicValueBinder    : building BasicValue for nombre
2024-08-03T22:28:58.884-05:00 DEBUG 26535 --- [PruebaT] [           main] org.hibernate.mapping.BasicValue         : Skipping column re-registration: cliente.nombre
2024-08-03T22:28:58.884-05:00 DEBUG 26535 --- [PruebaT] [           main] o.h.boot.model.internal.PropertyBinder   : Building property nombre
2024-08-03T22:28:58.884-05:00 DEBUG 26535 --- [PruebaT] [           main] o.h.boot.model.internal.AnnotatedColumn  : Binding column: AnnotatedColumn()
2024-08-03T22:28:58.884-05:00 DEBUG 26535 --- [PruebaT] [           main] o.h.boot.model.internal.PropertyBinder   : MetadataSourceProcessor property telefono with lazy=false
2024-08-03T22:28:58.884-05:00 DEBUG 26535 --- [PruebaT] [           main] o.h.b.m.internal.AbstractPropertyHolder  : Attempting to locate auto-apply AttributeConverter for property [com.example.PruebaT.model.Cliente:telefono]
2024-08-03T22:28:58.884-05:00 DEBUG 26535 --- [PruebaT] [           main] o.h.b.model.internal.BasicValueBinder    : building BasicValue for telefono
2024-08-03T22:28:58.884-05:00 DEBUG 26535 --- [PruebaT] [           main] org.hibernate.mapping.BasicValue         : Skipping column re-registration: cliente.telefono
2024-08-03T22:28:58.884-05:00 DEBUG 26535 --- [PruebaT] [           main] o.h.boot.model.internal.PropertyBinder   : Building property telefono
2024-08-03T22:28:58.884-05:00 DEBUG 26535 --- [PruebaT] [           main] o.h.boot.model.internal.AnnotatedColumn  : Binding column: AnnotatedColumn()
2024-08-03T22:28:58.884-05:00 DEBUG 26535 --- [PruebaT] [           main] o.h.boot.model.internal.PropertyBinder   : MetadataSourceProcessor property contrasenia with lazy=false
2024-08-03T22:28:58.884-05:00 DEBUG 26535 --- [PruebaT] [           main] o.h.b.m.internal.AbstractPropertyHolder  : Attempting to locate auto-apply AttributeConverter for property [com.example.PruebaT.model.Cliente:contrasenia]
2024-08-03T22:28:58.884-05:00 DEBUG 26535 --- [PruebaT] [           main] o.h.b.model.internal.BasicValueBinder    : building BasicValue for contrasenia
2024-08-03T22:28:58.884-05:00 DEBUG 26535 --- [PruebaT] [           main] org.hibernate.mapping.BasicValue         : Skipping column re-registration: cliente.contrasenia
2024-08-03T22:28:58.884-05:00 DEBUG 26535 --- [PruebaT] [           main] o.h.boot.model.internal.PropertyBinder   : Building property contrasenia
[...]
2024-08-03T22:29:00.810-05:00 DEBUG 26535 --- [PruebaT] [           main] org.hibernate.SQL                        : insert into cuenta (cliente_id,estado,numero_cuenta,saldo_inicial,tipo_cuenta,id) values (?,?,?,?,?,default)
Hibernate: insert into cuenta (cliente_id,estado,numero_cuenta,saldo_inicial,tipo_cuenta,id) values (?,?,?,?,?,default)
2024-08-03T22:29:00.810-05:00 DEBUG 26535 --- [PruebaT] [           main] org.hibernate.orm.results                : Initializer list is empty
2024-08-03T22:29:00.810-05:00 DEBUG 26535 --- [PruebaT] [           main] org.hibernate.orm.results.loading        : Calling top-level assembler (0 / 1) : org.hibernate.sql.results.graph.basic.BasicResultAssembler@3e9f3d0f
2024-08-03T22:29:00.810-05:00 DEBUG 26535 --- [PruebaT] [           main] org.hibernate.orm.results                : Extracted JDBC value [0] - [5]
2024-08-03T22:29:00.810-05:00 DEBUG 26535 --- [PruebaT] [           main] o.h.id.IdentifierGeneratorHelper         : Extracted generated values [com.example.PruebaT.model.Cuenta]: [Ljava.lang.Object;@41aa99fc
2024-08-03T22:29:00.810-05:00 DEBUG 26535 --- [PruebaT] [           main] o.s.orm.jpa.JpaTransactionManager        : Initiating transaction commit
2024-08-03T22:29:00.810-05:00 DEBUG 26535 --- [PruebaT] [           main] o.s.orm.jpa.JpaTransactionManager        : Committing JPA transaction on EntityManager [SessionImpl(638551812<open>)]
2024-08-03T22:29:00.810-05:00 DEBUG 26535 --- [PruebaT] [           main] o.h.e.t.internal.TransactionImpl         : committing
2024-08-03T22:29:00.810-05:00 DEBUG 26535 --- [PruebaT] [           main] o.h.e.i.AbstractFlushingEventListener    : Processing flush-time cascades
2024-08-03T22:29:00.810-05:00 DEBUG 26535 --- [PruebaT] [           main] o.h.e.i.AbstractFlushingEventListener    : Dirty checking collections
2024-08-03T22:29:00.810-05:00 DEBUG 26535 --- [PruebaT] [           main] o.h.e.i.AbstractFlushingEventListener    : Flushed: 0 insertions, 0 updates, 0 deletions to 1 objects
2024-08-03T22:29:00.810-05:00 DEBUG 26535 --- [PruebaT] [           main] o.h.e.i.AbstractFlushingEventListener    : Flushed: 0 (re)creations, 0 updates, 0 removals to 0 collections
2024-08-03T22:29:00.810-05:00 DEBUG 26535 --- [PruebaT] [           main] o.hibernate.internal.util.EntityPrinter  : Listing entities:
2024-08-03T22:29:00.811-05:00 DEBUG 26535 --- [PruebaT] [           main] o.hibernate.internal.util.EntityPrinter  : com.example.PruebaT.model.Cuenta{cliente=com.example.PruebaT.model.Cliente#4, estado=Activo, tipoCuenta=Ahorro, numeroCuenta=123456789, id=5, saldoInicial=1000.0}
2024-08-03T22:29:00.811-05:00 DEBUG 26535 --- [PruebaT] [           main] o.s.orm.jpa.JpaTransactionManager        : Closing JPA EntityManager [SessionImpl(638551812<open>)] after transaction
2024-08-03T22:29:00.811-05:00 DEBUG 26535 --- [PruebaT] [           main] org.springframework.test.context.cache   : Spring test ApplicationContext cache statistics: [DefaultContextCache@716a6343 size = 1, maxSize = 32, parentContextCount = 0, hitCount = 41, missCount = 1, failureCount = 0]
2024-08-03T22:29:00.811-05:00 DEBUG 26535 --- [PruebaT] [           main] o.s.t.web.servlet.TestDispatcherServlet  : DELETE "/cuentas/5", parameters={}
2024-08-03T22:29:00.812-05:00 DEBUG 26535 --- [PruebaT] [           main] s.w.s.m.m.a.RequestMappingHandlerMapping : Mapped to com.example.PruebaT.controller.AccountController#deleteAccount(Long)
2024-08-03T22:29:00.812-05:00 DEBUG 26535 --- [PruebaT] [           main] o.j.s.OpenEntityManagerInViewInterceptor : Opening JPA EntityManager in OpenEntityManagerInViewInterceptor
2024-08-03T22:29:00.813-05:00 DEBUG 26535 --- [PruebaT] [           main] o.s.orm.jpa.JpaTransactionManager        : Found thread-bound EntityManager [SessionImpl(114078685<open>)] for JPA transaction
2024-08-03T22:29:00.813-05:00 DEBUG 26535 --- [PruebaT] [           main] o.s.orm.jpa.JpaTransactionManager        : Creating new transaction with name [org.springframework.data.jpa.repository.support.SimpleJpaRepository.deleteById]: PROPAGATION_REQUIRED,ISOLATION_DEFAULT
2024-08-03T22:29:00.813-05:00 DEBUG 26535 --- [PruebaT] [           main] o.h.e.t.internal.TransactionImpl         : On TransactionImpl creation, JpaCompliance#isJpaTransactionComplianceEnabled == false
2024-08-03T22:29:00.813-05:00 DEBUG 26535 --- [PruebaT] [           main] o.h.e.t.internal.TransactionImpl         : begin
2024-08-03T22:29:00.813-05:00 DEBUG 26535 --- [PruebaT] [           main] o.s.orm.jpa.JpaTransactionManager        : Exposing JPA transaction as JDBC [org.springframework.orm.jpa.vendor.HibernateJpaDialect$HibernateConnectionHandle@775e3699]
2024-08-03T22:29:00.813-05:00 DEBUG 26535 --- [PruebaT] [           main] org.hibernate.orm.sql.exec               : Skipping reading Query result cache data: cache-enabled = false, cache-mode = IGNORE
2024-08-03T22:29:00.813-05:00 DEBUG 26535 --- [PruebaT] [           main] org.hibernate.orm.results                : Initializer list:
	  com.example.PruebaT.model.Cuenta.cliente.cuentas -> DelayedCollectionInitializer(com.example.PruebaT.model.Cuenta.cliente.cuentas)@820910648 (PluralAttribute(com.example.PruebaT.model.Cliente.cuentas))
	  com.example.PruebaT.model.Cuenta -> EntityResultInitializer(com.example.PruebaT.model.Cuenta)@622723232 (SingleTableEntityPersister(com.example.PruebaT.model.Cuenta))
	  com.example.PruebaT.model.Cuenta.cliente -> EntityJoinedFetchInitializer(com.example.PruebaT.model.Cuenta.cliente)@1177492869 (ToOneAttributeMapping(NavigableRole[com.example.PruebaT.model.Cuenta.cliente])@720759478)

2024-08-03T22:29:00.813-05:00 DEBUG 26535 --- [PruebaT] [           main] org.hibernate.SQL                        : select c1_0.id,c2_0.id,c2_0.contrasenia,c2_0.direccion,c2_0.edad,c2_0.estado,c2_0.genero,c2_0.identificacion,c2_0.nombre,c2_0.telefono,c1_0.estado,c1_0.numero_cuenta,c1_0.saldo_inicial,c1_0.tipo_cuenta from cuenta c1_0 left join cliente c2_0 on c2_0.id=c1_0.cliente_id where c1_0.id=?
Hibernate: select c1_0.id,c2_0.id,c2_0.contrasenia,c2_0.direccion,c2_0.edad,c2_0.estado,c2_0.genero,c2_0.identificacion,c2_0.nombre,c2_0.telefono,c1_0.estado,c1_0.numero_cuenta,c1_0.saldo_inicial,c1_0.tipo_cuenta from cuenta c1_0 left join cliente c2_0 on c2_0.id=c1_0.cliente_id where c1_0.id=?
2024-08-03T22:29:00.814-05:00 DEBUG 26535 --- [PruebaT] [           main] o.hibernate.orm.results.loading.entity   : (EntityResultInitializer) Hydrated EntityKey (com.example.PruebaT.model.Cuenta): 5
2024-08-03T22:29:00.814-05:00 DEBUG 26535 --- [PruebaT] [           main] org.hibernate.orm.results                : Extracted JDBC value [1] - [4]
2024-08-03T22:29:00.814-05:00 DEBUG 26535 --- [PruebaT] [           main] o.hibernate.orm.results.loading.entity   : (EntityJoinedFetchInitializer) Hydrated EntityKey (com.example.PruebaT.model.Cuenta.cliente): 4
2024-08-03T22:29:00.814-05:00 DEBUG 26535 --- [PruebaT] [           main] o.h.o.r.l.o.h.o.r.loading.collection     : (DelayedCollectionInitializer) Current row collection key : com.example.PruebaT.model.Cuenta.cliente.cuentas#4
2024-08-03T22:29:00.814-05:00 DEBUG 26535 --- [PruebaT] [           main] o.hibernate.orm.results.loading.entity   : (EntityJoinedFetchInitializer) Created new entity instance [com.example.PruebaT.model.Cuenta.cliente#4] : 1441982314
2024-08-03T22:29:00.814-05:00 DEBUG 26535 --- [PruebaT] [           main] o.hibernate.orm.results.loading.entity   : (EntityResultInitializer) Created new entity instance [com.example.PruebaT.model.Cuenta#5] : 1804536676
2024-08-03T22:29:00.814-05:00 DEBUG 26535 --- [PruebaT] [           main] org.hibernate.orm.results                : Extracted JDBC value [2] - [null]
2024-08-03T22:29:00.814-05:00 DEBUG 26535 --- [PruebaT] [           main] org.hibernate.orm.results                : Extracted JDBC value [3] - [null]
2024-08-03T22:29:00.814-05:00 DEBUG 26535 --- [PruebaT] [           main] org.hibernate.orm.results                : Extracted JDBC value [4] - [null]
2024-08-03T22:29:00.814-05:00 DEBUG 26535 --- [PruebaT] [           main] org.hibernate.orm.results                : Extracted JDBC value [5] - [null]
2024-08-03T22:29:00.814-05:00 DEBUG 26535 --- [PruebaT] [           main] org.hibernate.orm.results                : Extracted JDBC value [6] - [null]
2024-08-03T22:29:00.814-05:00 DEBUG 26535 --- [PruebaT] [           main] org.hibernate.orm.results                : Extracted JDBC value [7] - [null]
2024-08-03T22:29:00.814-05:00 DEBUG 26535 --- [PruebaT] [           main] org.hibernate.orm.results                : Extracted JDBC value [8] - [John Doe]
2024-08-03T22:29:00.814-05:00 DEBUG 26535 --- [PruebaT] [           main] org.hibernate.orm.results                : Extracted JDBC value [9] - [null]
2024-08-03T22:29:00.814-05:00 DEBUG 26535 --- [PruebaT] [           main] o.hibernate.orm.results.loading.entity   : (EntityJoinedFetchInitializer) Done materializing entityInstance : com.example.PruebaT.model.Cuenta.cliente#4
2024-08-03T22:29:00.814-05:00 DEBUG 26535 --- [PruebaT] [           main] org.hibernate.orm.results                : Extracted JDBC value [10] - [Activo]
2024-08-03T22:29:00.814-05:00 DEBUG 26535 --- [PruebaT] [           main] org.hibernate.orm.results                : Extracted JDBC value [11] - [123456789]
2024-08-03T22:29:00.814-05:00 DEBUG 26535 --- [PruebaT] [           main] org.hibernate.orm.results                : Extracted JDBC value [12] - [1000.0]
2024-08-03T22:29:00.814-05:00 DEBUG 26535 --- [PruebaT] [           main] org.hibernate.orm.results                : Extracted JDBC value [13] - [Ahorro]
2024-08-03T22:29:00.814-05:00 DEBUG 26535 --- [PruebaT] [           main] o.hibernate.orm.results.loading.entity   : (EntityResultInitializer) Done materializing entityInstance : com.example.PruebaT.model.Cuenta#5
2024-08-03T22:29:00.814-05:00 DEBUG 26535 --- [PruebaT] [           main] org.hibernate.orm.results.loading        : Calling top-level assembler (0 / 1) : org.hibernate.sql.results.graph.entity.internal.EntityAssembler@54a0ada1
2024-08-03T22:29:00.815-05:00 DEBUG 26535 --- [PruebaT] [           main] o.h.j.internal.PersistenceUnitUtilImpl   : jakarta.persistence.PersistenceUnitUtil.getIdentifier is only intended to work with enhanced entities (although Hibernate also adapts this support to its proxies); however the passed entity was not enhanced (nor a proxy).. may not be able to read identifier
2024-08-03T22:29:00.815-05:00 DEBUG 26535 --- [PruebaT] [           main] o.h.j.internal.PersistenceUnitUtilImpl   : jakarta.persistence.PersistenceUnitUtil.getIdentifier is only intended to work with enhanced entities (although Hibernate also adapts this support to its proxies); however the passed entity was not enhanced (nor a proxy).. may not be able to read identifier
2024-08-03T22:29:00.815-05:00 DEBUG 26535 --- [PruebaT] [           main] o.s.orm.jpa.JpaTransactionManager        : Initiating transaction commit
2024-08-03T22:29:00.815-05:00 DEBUG 26535 --- [PruebaT] [           main] o.s.orm.jpa.JpaTransactionManager        : Committing JPA transaction on EntityManager [SessionImpl(114078685<open>)]
2024-08-03T22:29:00.815-05:00 DEBUG 26535 --- [PruebaT] [           main] o.h.e.t.internal.TransactionImpl         : committing
2024-08-03T22:29:00.815-05:00 DEBUG 26535 --- [PruebaT] [           main] o.h.e.i.AbstractFlushingEventListener    : Processing flush-time cascades
2024-08-03T22:29:00.816-05:00 DEBUG 26535 --- [PruebaT] [           main] o.h.e.i.AbstractFlushingEventListener    : Dirty checking collections
2024-08-03T22:29:00.816-05:00 DEBUG 26535 --- [PruebaT] [           main] o.hibernate.engine.internal.Collections  : Collection found: [com.example.PruebaT.model.Cliente.cuentas#4], was: [com.example.PruebaT.model.Cliente.cuentas#4] (uninitialized)
2024-08-03T22:29:00.816-05:00 DEBUG 26535 --- [PruebaT] [           main] o.h.e.i.AbstractFlushingEventListener    : Flushed: 0 insertions, 0 updates, 1 deletions to 2 objects
2024-08-03T22:29:00.816-05:00 DEBUG 26535 --- [PruebaT] [           main] o.h.e.i.AbstractFlushingEventListener    : Flushed: 0 (re)creations, 0 updates, 0 removals to 1 collections
2024-08-03T22:29:00.816-05:00 DEBUG 26535 --- [PruebaT] [           main] o.hibernate.internal.util.EntityPrinter  : Listing entities:
2024-08-03T22:29:00.816-05:00 DEBUG 26535 --- [PruebaT] [           main] o.hibernate.internal.util.EntityPrinter  : com.example.PruebaT.model.Cuenta{cliente=com.example.PruebaT.model.Cliente#4, estado=Activo, tipoCuenta=Ahorro, numeroCuenta=123456789, id=5, saldoInicial=1000.0}
2024-08-03T22:29:00.816-05:00 DEBUG 26535 --- [PruebaT] [           main] o.hibernate.internal.util.EntityPrinter  : com.example.PruebaT.model.Cliente{estado=null, clienteId=4, genero=null, direccion=null, cuentas=<uninitialized>, contrasenia=null, identificacion=null, telefono=null, edad=null, nombre=John Doe}
2024-08-03T22:29:00.816-05:00 DEBUG 26535 --- [PruebaT] [           main] org.hibernate.SQL                        : delete from cuenta where id=?
Hibernate: delete from cuenta where id=?
2024-08-03T22:29:00.816-05:00 DEBUG 26535 --- [PruebaT] [           main] o.s.orm.jpa.JpaTransactionManager        : Not closing pre-bound JPA EntityManager after transaction
2024-08-03T22:29:00.817-05:00 DEBUG 26535 --- [PruebaT] [           main] o.s.w.s.m.m.a.HttpEntityMethodProcessor  : Using 'application/octet-stream', given [*/*] and supported [*/*]
2024-08-03T22:29:00.817-05:00 DEBUG 26535 --- [PruebaT] [           main] o.j.s.OpenEntityManagerInViewInterceptor : Closing JPA EntityManager in OpenEntityManagerInViewInterceptor
2024-08-03T22:29:00.817-05:00 DEBUG 26535 --- [PruebaT] [           main] o.s.t.web.servlet.TestDispatcherServlet  : Completed 204 NO_CONTENT
2024-08-03T22:29:00.818-05:00 DEBUG 26535 --- [PruebaT] [           main] o.s.orm.jpa.JpaTransactionManager        : Creating new transaction with name [org.springframework.data.jpa.repository.support.SimpleJpaRepository.findById]: PROPAGATION_REQUIRED,ISOLATION_DEFAULT,readOnly
2024-08-03T22:29:00.818-05:00 DEBUG 26535 --- [PruebaT] [           main] o.s.orm.jpa.JpaTransactionManager        : Opened new EntityManager [SessionImpl(1568783481<open>)] for JPA transaction
2024-08-03T22:29:00.818-05:00 DEBUG 26535 --- [PruebaT] [           main] o.s.jdbc.datasource.DataSourceUtils      : Setting JDBC Connection [HikariProxyConnection@211668941 wrapping conn0: url=jdbc:h2:mem:testdb user=SA] read-only
2024-08-03T22:29:00.818-05:00 DEBUG 26535 --- [PruebaT] [           main] o.h.e.t.internal.TransactionImpl         : On TransactionImpl creation, JpaCompliance#isJpaTransactionComplianceEnabled == false
2024-08-03T22:29:00.818-05:00 DEBUG 26535 --- [PruebaT] [           main] o.h.e.t.internal.TransactionImpl         : begin
2024-08-03T22:29:00.818-05:00 DEBUG 26535 --- [PruebaT] [           main] o.s.orm.jpa.JpaTransactionManager        : Exposing JPA transaction as JDBC [org.springframework.orm.jpa.vendor.HibernateJpaDialect$HibernateConnectionHandle@4431233f]
2024-08-03T22:29:00.818-05:00 DEBUG 26535 --- [PruebaT] [           main] org.hibernate.orm.sql.exec               : Skipping reading Query result cache data: cache-enabled = false, cache-mode = IGNORE
2024-08-03T22:29:00.818-05:00 DEBUG 26535 --- [PruebaT] [           main] org.hibernate.orm.results                : Initializer list:
	  com.example.PruebaT.model.Cuenta.cliente.cuentas -> DelayedCollectionInitializer(com.example.PruebaT.model.Cuenta.cliente.cuentas)@538624239 (PluralAttribute(com.example.PruebaT.model.Cliente.cuentas))
	  com.example.PruebaT.model.Cuenta -> EntityResultInitializer(com.example.PruebaT.model.Cuenta)@1890112225 (SingleTableEntityPersister(com.example.PruebaT.model.Cuenta))
	  com.example.PruebaT.model.Cuenta.cliente -> EntityJoinedFetchInitializer(com.example.PruebaT.model.Cuenta.cliente)@313100446 (ToOneAttributeMapping(NavigableRole[com.example.PruebaT.model.Cuenta.cliente])@720759478)

2024-08-03T22:29:00.818-05:00 DEBUG 26535 --- [PruebaT] [           main] org.hibernate.SQL                        : select c1_0.id,c2_0.id,c2_0.contrasenia,c2_0.direccion,c2_0.edad,c2_0.estado,c2_0.genero,c2_0.identificacion,c2_0.nombre,c2_0.telefono,c1_0.estado,c1_0.numero_cuenta,c1_0.saldo_inicial,c1_0.tipo_cuenta from cuenta c1_0 left join cliente c2_0 on c2_0.id=c1_0.cliente_id where c1_0.id=?
Hibernate: select c1_0.id,c2_0.id,c2_0.contrasenia,c2_0.direccion,c2_0.edad,c2_0.estado,c2_0.genero,c2_0.identificacion,c2_0.nombre,c2_0.telefono,c1_0.estado,c1_0.numero_cuenta,c1_0.saldo_inicial,c1_0.tipo_cuenta from cuenta c1_0 left join cliente c2_0 on c2_0.id=c1_0.cliente_id where c1_0.id=?
2024-08-03T22:29:00.818-05:00 DEBUG 26535 --- [PruebaT] [           main] o.s.orm.jpa.JpaTransactionManager        : Initiating transaction commit
2024-08-03T22:29:00.818-05:00 DEBUG 26535 --- [PruebaT] [           main] o.s.orm.jpa.JpaTransactionManager        : Committing JPA transaction on EntityManager [SessionImpl(1568783481<open>)]
2024-08-03T22:29:00.818-05:00 DEBUG 26535 --- [PruebaT] [           main] o.h.e.t.internal.TransactionImpl         : committing
2024-08-03T22:29:00.818-05:00 DEBUG 26535 --- [PruebaT] [           main] o.s.jdbc.datasource.DataSourceUtils      : Resetting read-only flag of JDBC Connection [HikariProxyConnection@211668941 wrapping conn0: url=jdbc:h2:mem:testdb user=SA]
2024-08-03T22:29:00.818-05:00 DEBUG 26535 --- [PruebaT] [           main] o.s.orm.jpa.JpaTransactionManager        : Closing JPA EntityManager [SessionImpl(1568783481<open>)] after transaction
2024-08-03T22:29:00.819-05:00 DEBUG 26535 --- [PruebaT] [           main] org.springframework.test.context.cache   : Spring test ApplicationContext cache statistics: [DefaultContextCache@716a6343 size = 1, maxSize = 32, parentContextCount = 0, hitCount = 42, missCount = 1, failureCount = 0]
2024-08-03T22:29:00.819-05:00 DEBUG 26535 --- [PruebaT] [           main] org.springframework.test.context.cache   : Spring test ApplicationContext cache statistics: [DefaultContextCache@716a6343 size = 1, maxSize = 32, parentContextCount = 0, hitCount = 43, missCount = 1, failureCount = 0]
2024-08-03T22:29:00.819-05:00 DEBUG 26535 --- [PruebaT] [           main] org.springframework.test.context.cache   : Spring test ApplicationContext cache statistics: [DefaultContextCache@716a6343 size = 1, maxSize = 32, parentContextCount = 0, hitCount = 44, missCount = 1, failureCount = 0]
2024-08-03T22:29:00.819-05:00 DEBUG 26535 --- [PruebaT] [           main] org.springframework.test.context.cache   : Spring test ApplicationContext cache statistics: [DefaultContextCache@716a6343 size = 1, maxSize = 32, parentContextCount = 0, hitCount = 45, missCount = 1, failureCount = 0]
2024-08-03T22:29:00.819-05:00 DEBUG 26535 --- [PruebaT] [           main] org.springframework.test.context.cache   : Spring test ApplicationContext cache statistics: [DefaultContextCache@716a6343 size = 1, maxSize = 32, parentContextCount = 0, hitCount = 46, missCount = 1, failureCount = 0]
2024-08-03T22:29:00.820-05:00 DEBUG 26535 --- [PruebaT] [           main] org.springframework.test.context.cache   : Spring test ApplicationContext cache statistics: [DefaultContextCache@716a6343 size = 1, maxSize = 32, parentContextCount = 0, hitCount = 47, missCount = 1, failureCount = 0]
2024-08-03T22:29:00.820-05:00 DEBUG 26535 --- [PruebaT] [           main] .c.s.DirtiesContextTestExecutionListener : After test method: class [AccountControllerIntegrationTest], method [testDeleteAccount], class annotated with @DirtiesContext [false] with mode [null], method annotated with @DirtiesContext [false] with mode [null]
2024-08-03T22:29:00.820-05:00 DEBUG 26535 --- [PruebaT] [           main] o.s.t.c.w.ServletTestExecutionListener   : Resetting RequestContextHolder for test class com.example.PruebaT.test.integration.AccountControllerIntegrationTest
]]></system-out>
  </testcase>
</testsuite>